[2016-06-30 12:05:27.700] [INFO] normal - { company_orders_status_id: 0,
  page: 2,
  size: 10,
  company_id: '43' }
[2016-06-30 12:05:27.720] [INFO] normal - { result: 
   [ RowDataPacket {
       company_orders_id: 630,
       company_orders_send_date: '2016-06-27 19:03:45',
       express_no: '255487411',
       order_no: '01606270000001711',
       company_orders_status_id: 2,
       deliver_charges: 6000,
       site_name: null,
       deliver_address: '方洲路奥特莱斯',
       receiver_name: '林奇',
       deliver_phone: '18702961510',
       deadline_time: '2016-06-28 15:00:00',
       city_name: null,
       fresh: 1,
       goods: [Object] },
     RowDataPacket {
       company_orders_id: 627,
       company_orders_send_date: '2016-06-28 10:14:02',
       express_no: '21568999',
       order_no: '01606270000001611',
       company_orders_status_id: 2,
       deliver_charges: 3000,
       site_name: null,
       deliver_address: '方洲路奥特莱斯',
       receiver_name: '林奇',
       deliver_phone: '18702961510',
       deadline_time: '2016-06-28 15:00:00',
       city_name: null,
       fresh: 1,
       goods: [Object] },
     RowDataPacket {
       company_orders_id: 626,
       company_orders_send_date: '等待送货',
       express_no: null,
       order_no: '01606270000001511',
       company_orders_status_id: 1,
       deliver_charges: 0,
       site_name: null,
       deliver_address: '方洲路奥特莱斯',
       receiver_name: '林奇',
       deliver_phone: '18702961510',
       deadline_time: '2016-06-28 15:00:00',
       city_name: null,
       fresh: 1,
       goods: [Object] },
     RowDataPacket {
       company_orders_id: 625,
       company_orders_send_date: '等待送货',
       express_no: null,
       order_no: '01606270000001411',
       company_orders_status_id: 1,
       deliver_charges: 0,
       site_name: null,
       deliver_address: '方洲路奥特莱斯',
       receiver_name: '林奇',
       deliver_phone: '18702961510',
       deadline_time: '2016-06-28 15:00:00',
       city_name: null,
       fresh: 1,
       goods: [Object] },
     RowDataPacket {
       company_orders_id: 623,
       company_orders_send_date: '2016-06-27 15:19:19',
       express_no: '234234',
       order_no: '01606270000001211',
       company_orders_status_id: 2,
       deliver_charges: 23000,
       site_name: null,
       deliver_address: '方洲路奥特莱斯',
       receiver_name: '林奇',
       deliver_phone: '18702961510',
       deadline_time: '2016-06-28 15:00:00',
       city_name: null,
       fresh: 1,
       goods: [Object] },
     RowDataPacket {
       company_orders_id: 622,
       company_orders_send_date: '2016-06-27 15:19:03',
       express_no: '2345234',
       order_no: '01606270000001111',
       company_orders_status_id: 2,
       deliver_charges: 23000,
       site_name: null,
       deliver_address: '方洲路奥特莱斯',
       receiver_name: '林奇',
       deliver_phone: '18702961510',
       deadline_time: '2016-06-28 15:00:00',
       city_name: null,
       fresh: 1,
       goods: [Object] },
     RowDataPacket {
       company_orders_id: 621,
       company_orders_send_date: '2016-06-27 15:19:47',
       express_no: '1341234',
       order_no: '01606270000001011',
       company_orders_status_id: 2,
       deliver_charges: 12000,
       site_name: null,
       deliver_address: '方洲路奥特莱斯',
       receiver_name: '林奇',
       deliver_phone: '18702961510',
       deadline_time: '2016-06-28 15:00:00',
       city_name: null,
       fresh: 1,
       goods: [Object] },
     RowDataPacket {
       company_orders_id: 620,
       company_orders_send_date: '等待送货',
       express_no: null,
       order_no: '01606270000000911',
       company_orders_status_id: 1,
       deliver_charges: 0,
       site_name: null,
       deliver_address: '方洲路奥特莱斯',
       receiver_name: '林奇',
       deliver_phone: '18702961510',
       deadline_time: '2016-06-28 15:00:00',
       city_name: null,
       fresh: 1,
       goods: [Object] },
     RowDataPacket {
       company_orders_id: 618,
       company_orders_send_date: '等待送货',
       express_no: null,
       order_no: '01606270000000511',
       company_orders_status_id: 1,
       deliver_charges: 0,
       site_name: null,
       deliver_address: '方洲路奥特莱斯',
       receiver_name: '林奇',
       deliver_phone: '18702961510',
       deadline_time: '2016-06-28 14:00:00',
       city_name: null,
       fresh: 1,
       goods: [Object] },
     RowDataPacket {
       company_orders_id: 617,
       company_orders_send_date: '2016-06-29 14:51:22',
       express_no: '1212',
       order_no: '01606270000000611',
       company_orders_status_id: 2,
       deliver_charges: 1000,
       site_name: null,
       deliver_address: '北京东城区天安门',
       receiver_name: '丁祥中',
       deliver_phone: '18681561409',
       deadline_time: '2016-06-28 14:00:00',
       city_name: null,
       fresh: 0,
       goods: [Object] } ],
  counts: 27 }
[2016-06-30 14:45:41.013] [INFO] normal - { company_orders_status_id: 0,
  page: 1,
  size: 10,
  company_id: '43' }
[2016-06-30 14:45:41.444] [INFO] normal - [ RowDataPacket {
    company_orders_status_id: 1,
    company_orders_status_name: '待发货' },
  RowDataPacket {
    company_orders_status_id: 2,
    company_orders_status_name: '送货中' },
  RowDataPacket {
    company_orders_status_id: 3,
    company_orders_status_name: '已入库' } ]
[2016-06-30 14:45:41.705] [INFO] normal - { result: 
   [ RowDataPacket {
       company_orders_id: 680,
       company_orders_send_date: '2016-06-30 12:58:06',
       express_no: null,
       order_no: 'A16063000314',
       company_orders_status_id: 2,
       deliver_charges: 0,
       site_name: '湖东站',
       deliver_address: '方洲路奥特莱斯',
       receiver_name: '林奇',
       deliver_phone: '18702961510',
       deadline_time: '2016-06-30 12:00:00',
       city_name: '苏州',
       fresh: 0,
       goods: [Object] },
     RowDataPacket {
       company_orders_id: 679,
       company_orders_send_date: '2016-06-30 12:06:52',
       express_no: null,
       order_no: 'A16063000313',
       company_orders_status_id: 3,
       deliver_charges: 0,
       site_name: '湖东站',
       deliver_address: '方洲路奥特莱斯',
       receiver_name: '林奇',
       deliver_phone: '18702961510',
       deadline_time: '2016-06-30 12:00:00',
       city_name: '苏州',
       fresh: 0,
       goods: [Object] },
     RowDataPacket {
       company_orders_id: 678,
       company_orders_send_date: '2016-06-30 11:34:47',
       express_no: null,
       order_no: 'A16063000312',
       company_orders_status_id: 3,
       deliver_charges: 0,
       site_name: '湖东站',
       deliver_address: '方洲路奥特莱斯',
       receiver_name: '林奇',
       deliver_phone: '18702961510',
       deadline_time: '2016-06-30 11:00:00',
       city_name: '苏州',
       fresh: 0,
       goods: [Object] },
     RowDataPacket {
       company_orders_id: 676,
       company_orders_send_date: '2016-06-29 20:43:44',
       express_no: null,
       order_no: 'A160629003114',
       company_orders_status_id: 3,
       deliver_charges: 0,
       site_name: '湖东站',
       deliver_address: '方洲路奥特莱斯',
       receiver_name: '林奇',
       deliver_phone: '18702961510',
       deadline_time: '2016-06-29 20:00:00',
       city_name: '苏州',
       fresh: 0,
       goods: [Object] },
     RowDataPacket {
       company_orders_id: 671,
       company_orders_send_date: '2016-06-29 19:36:56',
       express_no: null,
       order_no: 'A16062900319',
       company_orders_status_id: 3,
       deliver_charges: 0,
       site_name: '湖东站',
       deliver_address: '方洲路奥特莱斯',
       receiver_name: '林奇',
       deliver_phone: '18702961510',
       deadline_time: '2016-06-29 19:00:00',
       city_name: '苏州',
       fresh: 0,
       goods: [Object] },
     RowDataPacket {
       company_orders_id: 670,
       company_orders_send_date: '2016-06-29 19:14:24',
       express_no: null,
       order_no: 'A16062900318',
       company_orders_status_id: 3,
       deliver_charges: 0,
       site_name: '湖东站',
       deliver_address: '方洲路奥特莱斯',
       receiver_name: '林奇',
       deliver_phone: '18702961510',
       deadline_time: '2016-06-29 19:00:00',
       city_name: '苏州',
       fresh: 0,
       goods: [Object] },
     RowDataPacket {
       company_orders_id: 669,
       company_orders_send_date: '2016-06-29 19:13:57',
       express_no: null,
       order_no: 'A16062900317',
       company_orders_status_id: 3,
       deliver_charges: 0,
       site_name: '湖东站',
       deliver_address: '方洲路奥特莱斯',
       receiver_name: '林奇',
       deliver_phone: '18702961510',
       deadline_time: '2016-06-29 19:00:00',
       city_name: '苏州',
       fresh: 0,
       goods: [Object] },
     RowDataPacket {
       company_orders_id: 668,
       company_orders_send_date: '2016-06-29 07:08:28',
       express_no: null,
       order_no: 'A16062900316',
       company_orders_status_id: 3,
       deliver_charges: 0,
       site_name: '湖东站',
       deliver_address: '方洲路奥特莱斯',
       receiver_name: '林奇',
       deliver_phone: '18702961510',
       deadline_time: '2016-06-29 07:00:00',
       city_name: '苏州',
       fresh: 0,
       goods: [Object] },
     RowDataPacket {
       company_orders_id: 667,
       company_orders_send_date: '2016-06-29 07:00:45',
       express_no: null,
       order_no: 'A16062900315',
       company_orders_status_id: 3,
       deliver_charges: 0,
       site_name: '湖东站',
       deliver_address: '方洲路奥特莱斯',
       receiver_name: '林奇',
       deliver_phone: '18702961510',
       deadline_time: '2016-06-29 07:00:00',
       city_name: '苏州',
       fresh: 0,
       goods: [Object] },
     RowDataPacket {
       company_orders_id: 666,
       company_orders_send_date: '2016-06-29 06:56:41',
       express_no: null,
       order_no: 'A16062900314',
       company_orders_status_id: 3,
       deliver_charges: 0,
       site_name: '湖东站',
       deliver_address: '方洲路奥特莱斯',
       receiver_name: '林奇',
       deliver_phone: '18702961510',
       deadline_time: '2016-06-29 06:00:00',
       city_name: '苏州',
       fresh: 0,
       goods: [Object] } ],
  counts: 29 }
[2016-06-30 14:45:47.519] [INFO] normal - { company_orders_status_id: 0,
  page: 2,
  size: 10,
  company_id: '43' }
[2016-06-30 14:45:47.556] [INFO] normal - { result: 
   [ RowDataPacket {
       company_orders_id: 665,
       company_orders_send_date: '2016-06-29 06:54:58',
       express_no: null,
       order_no: 'A16062900313',
       company_orders_status_id: 3,
       deliver_charges: 0,
       site_name: '湖东站',
       deliver_address: '方洲路奥特莱斯',
       receiver_name: '林奇',
       deliver_phone: '18702961510',
       deadline_time: '2016-06-29 06:00:00',
       city_name: '苏州',
       fresh: 0,
       goods: [] },
     RowDataPacket {
       company_orders_id: 664,
       company_orders_send_date: '2016-06-29 06:53:32',
       express_no: null,
       order_no: 'A16062900312',
       company_orders_status_id: 3,
       deliver_charges: 0,
       site_name: '湖东站',
       deliver_address: '方洲路奥特莱斯',
       receiver_name: '林奇',
       deliver_phone: '18702961510',
       deadline_time: '2016-06-29 06:00:00',
       city_name: '苏州',
       fresh: 0,
       goods: [] },
     RowDataPacket {
       company_orders_id: 630,
       company_orders_send_date: '2016-06-27 19:03:45',
       express_no: '255487411',
       order_no: '01606270000001711',
       company_orders_status_id: 2,
       deliver_charges: 6000,
       site_name: null,
       deliver_address: '方洲路奥特莱斯',
       receiver_name: '林奇',
       deliver_phone: '18702961510',
       deadline_time: '2016-06-28 15:00:00',
       city_name: null,
       fresh: 1,
       goods: [Object] },
     RowDataPacket {
       company_orders_id: 627,
       company_orders_send_date: '2016-06-28 10:14:02',
       express_no: '21568999',
       order_no: '01606270000001611',
       company_orders_status_id: 2,
       deliver_charges: 3000,
       site_name: null,
       deliver_address: '方洲路奥特莱斯',
       receiver_name: '林奇',
       deliver_phone: '18702961510',
       deadline_time: '2016-06-28 15:00:00',
       city_name: null,
       fresh: 1,
       goods: [Object] },
     RowDataPacket {
       company_orders_id: 626,
       company_orders_send_date: '等待送货',
       express_no: null,
       order_no: '01606270000001511',
       company_orders_status_id: 1,
       deliver_charges: 0,
       site_name: null,
       deliver_address: '方洲路奥特莱斯',
       receiver_name: '林奇',
       deliver_phone: '18702961510',
       deadline_time: '2016-06-28 15:00:00',
       city_name: null,
       fresh: 1,
       goods: [Object] },
     RowDataPacket {
       company_orders_id: 625,
       company_orders_send_date: '等待送货',
       express_no: null,
       order_no: '01606270000001411',
       company_orders_status_id: 1,
       deliver_charges: 0,
       site_name: null,
       deliver_address: '方洲路奥特莱斯',
       receiver_name: '林奇',
       deliver_phone: '18702961510',
       deadline_time: '2016-06-28 15:00:00',
       city_name: null,
       fresh: 1,
       goods: [Object] },
     RowDataPacket {
       company_orders_id: 623,
       company_orders_send_date: '2016-06-27 15:19:19',
       express_no: '234234',
       order_no: '01606270000001211',
       company_orders_status_id: 2,
       deliver_charges: 23000,
       site_name: null,
       deliver_address: '方洲路奥特莱斯',
       receiver_name: '林奇',
       deliver_phone: '18702961510',
       deadline_time: '2016-06-28 15:00:00',
       city_name: null,
       fresh: 1,
       goods: [Object] },
     RowDataPacket {
       company_orders_id: 622,
       company_orders_send_date: '2016-06-27 15:19:03',
       express_no: '2345234',
       order_no: '01606270000001111',
       company_orders_status_id: 2,
       deliver_charges: 23000,
       site_name: null,
       deliver_address: '方洲路奥特莱斯',
       receiver_name: '林奇',
       deliver_phone: '18702961510',
       deadline_time: '2016-06-28 15:00:00',
       city_name: null,
       fresh: 1,
       goods: [Object] },
     RowDataPacket {
       company_orders_id: 621,
       company_orders_send_date: '2016-06-27 15:19:47',
       express_no: '1341234',
       order_no: '01606270000001011',
       company_orders_status_id: 2,
       deliver_charges: 12000,
       site_name: null,
       deliver_address: '方洲路奥特莱斯',
       receiver_name: '林奇',
       deliver_phone: '18702961510',
       deadline_time: '2016-06-28 15:00:00',
       city_name: null,
       fresh: 1,
       goods: [Object] },
     RowDataPacket {
       company_orders_id: 620,
       company_orders_send_date: '等待送货',
       express_no: null,
       order_no: '01606270000000911',
       company_orders_status_id: 1,
       deliver_charges: 0,
       site_name: null,
       deliver_address: '方洲路奥特莱斯',
       receiver_name: '林奇',
       deliver_phone: '18702961510',
       deadline_time: '2016-06-28 15:00:00',
       city_name: null,
       fresh: 1,
       goods: [Object] } ],
  counts: 29 }
[2016-06-30 14:47:07.517] [INFO] normal - { company_orders_status_id: 0,
  page: 1,
  size: 10,
  company_id: '43' }
[2016-06-30 14:47:07.536] [INFO] normal - [ RowDataPacket {
    company_orders_status_id: 1,
    company_orders_status_name: '待发货' },
  RowDataPacket {
    company_orders_status_id: 2,
    company_orders_status_name: '送货中' },
  RowDataPacket {
    company_orders_status_id: 3,
    company_orders_status_name: '已入库' } ]
[2016-06-30 14:47:07.572] [INFO] normal - { result: 
   [ RowDataPacket {
       company_orders_id: 680,
       company_orders_send_date: '2016-06-30 12:58:06',
       express_no: null,
       order_no: 'A16063000314',
       company_orders_status_id: 2,
       deliver_charges: 0,
       site_name: '湖东站',
       deliver_address: '方洲路奥特莱斯',
       receiver_name: '林奇',
       deliver_phone: '18702961510',
       deadline_time: '2016-06-30 12:00:00',
       city_name: '苏州',
       fresh: 0,
       goods: [Object] },
     RowDataPacket {
       company_orders_id: 679,
       company_orders_send_date: '2016-06-30 12:06:52',
       express_no: null,
       order_no: 'A16063000313',
       company_orders_status_id: 3,
       deliver_charges: 0,
       site_name: '湖东站',
       deliver_address: '方洲路奥特莱斯',
       receiver_name: '林奇',
       deliver_phone: '18702961510',
       deadline_time: '2016-06-30 12:00:00',
       city_name: '苏州',
       fresh: 0,
       goods: [Object] },
     RowDataPacket {
       company_orders_id: 678,
       company_orders_send_date: '2016-06-30 11:34:47',
       express_no: null,
       order_no: 'A16063000312',
       company_orders_status_id: 3,
       deliver_charges: 0,
       site_name: '湖东站',
       deliver_address: '方洲路奥特莱斯',
       receiver_name: '林奇',
       deliver_phone: '18702961510',
       deadline_time: '2016-06-30 11:00:00',
       city_name: '苏州',
       fresh: 0,
       goods: [Object] },
     RowDataPacket {
       company_orders_id: 676,
       company_orders_send_date: '2016-06-29 20:43:44',
       express_no: null,
       order_no: 'A160629003114',
       company_orders_status_id: 3,
       deliver_charges: 0,
       site_name: '湖东站',
       deliver_address: '方洲路奥特莱斯',
       receiver_name: '林奇',
       deliver_phone: '18702961510',
       deadline_time: '2016-06-29 20:00:00',
       city_name: '苏州',
       fresh: 0,
       goods: [Object] },
     RowDataPacket {
       company_orders_id: 671,
       company_orders_send_date: '2016-06-29 19:36:56',
       express_no: null,
       order_no: 'A16062900319',
       company_orders_status_id: 3,
       deliver_charges: 0,
       site_name: '湖东站',
       deliver_address: '方洲路奥特莱斯',
       receiver_name: '林奇',
       deliver_phone: '18702961510',
       deadline_time: '2016-06-29 19:00:00',
       city_name: '苏州',
       fresh: 0,
       goods: [Object] },
     RowDataPacket {
       company_orders_id: 670,
       company_orders_send_date: '2016-06-29 19:14:24',
       express_no: null,
       order_no: 'A16062900318',
       company_orders_status_id: 3,
       deliver_charges: 0,
       site_name: '湖东站',
       deliver_address: '方洲路奥特莱斯',
       receiver_name: '林奇',
       deliver_phone: '18702961510',
       deadline_time: '2016-06-29 19:00:00',
       city_name: '苏州',
       fresh: 0,
       goods: [Object] },
     RowDataPacket {
       company_orders_id: 669,
       company_orders_send_date: '2016-06-29 19:13:57',
       express_no: null,
       order_no: 'A16062900317',
       company_orders_status_id: 3,
       deliver_charges: 0,
       site_name: '湖东站',
       deliver_address: '方洲路奥特莱斯',
       receiver_name: '林奇',
       deliver_phone: '18702961510',
       deadline_time: '2016-06-29 19:00:00',
       city_name: '苏州',
       fresh: 0,
       goods: [Object] },
     RowDataPacket {
       company_orders_id: 668,
       company_orders_send_date: '2016-06-29 07:08:28',
       express_no: null,
       order_no: 'A16062900316',
       company_orders_status_id: 3,
       deliver_charges: 0,
       site_name: '湖东站',
       deliver_address: '方洲路奥特莱斯',
       receiver_name: '林奇',
       deliver_phone: '18702961510',
       deadline_time: '2016-06-29 07:00:00',
       city_name: '苏州',
       fresh: 0,
       goods: [Object] },
     RowDataPacket {
       company_orders_id: 667,
       company_orders_send_date: '2016-06-29 07:00:45',
       express_no: null,
       order_no: 'A16062900315',
       company_orders_status_id: 3,
       deliver_charges: 0,
       site_name: '湖东站',
       deliver_address: '方洲路奥特莱斯',
       receiver_name: '林奇',
       deliver_phone: '18702961510',
       deadline_time: '2016-06-29 07:00:00',
       city_name: '苏州',
       fresh: 0,
       goods: [Object] },
     RowDataPacket {
       company_orders_id: 666,
       company_orders_send_date: '2016-06-29 06:56:41',
       express_no: null,
       order_no: 'A16062900314',
       company_orders_status_id: 3,
       deliver_charges: 0,
       site_name: '湖东站',
       deliver_address: '方洲路奥特莱斯',
       receiver_name: '林奇',
       deliver_phone: '18702961510',
       deadline_time: '2016-06-29 06:00:00',
       city_name: '苏州',
       fresh: 0,
       goods: [Object] } ],
  counts: 29 }
[2016-06-30 14:47:23.662] [INFO] normal - { company_orders_status_id: 0,
  page: 1,
  size: 10,
  company_id: '43' }
[2016-06-30 14:47:23.749] [INFO] normal - [ RowDataPacket {
    company_orders_status_id: 1,
    company_orders_status_name: '待发货' },
  RowDataPacket {
    company_orders_status_id: 2,
    company_orders_status_name: '送货中' },
  RowDataPacket {
    company_orders_status_id: 3,
    company_orders_status_name: '已入库' } ]
[2016-06-30 14:47:23.762] [INFO] normal - { result: 
   [ RowDataPacket {
       company_orders_id: 680,
       company_orders_send_date: '2016-06-30 12:58:06',
       express_no: null,
       order_no: 'A16063000314',
       company_orders_status_id: 2,
       deliver_charges: 0,
       site_name: '湖东站',
       deliver_address: '方洲路奥特莱斯',
       receiver_name: '林奇',
       deliver_phone: '18702961510',
       deadline_time: '2016-06-30 12:00:00',
       city_name: '苏州',
       fresh: 0,
       goods: [Object] },
     RowDataPacket {
       company_orders_id: 679,
       company_orders_send_date: '2016-06-30 12:06:52',
       express_no: null,
       order_no: 'A16063000313',
       company_orders_status_id: 3,
       deliver_charges: 0,
       site_name: '湖东站',
       deliver_address: '方洲路奥特莱斯',
       receiver_name: '林奇',
       deliver_phone: '18702961510',
       deadline_time: '2016-06-30 12:00:00',
       city_name: '苏州',
       fresh: 0,
       goods: [Object] },
     RowDataPacket {
       company_orders_id: 678,
       company_orders_send_date: '2016-06-30 11:34:47',
       express_no: null,
       order_no: 'A16063000312',
       company_orders_status_id: 3,
       deliver_charges: 0,
       site_name: '湖东站',
       deliver_address: '方洲路奥特莱斯',
       receiver_name: '林奇',
       deliver_phone: '18702961510',
       deadline_time: '2016-06-30 11:00:00',
       city_name: '苏州',
       fresh: 0,
       goods: [Object] },
     RowDataPacket {
       company_orders_id: 676,
       company_orders_send_date: '2016-06-29 20:43:44',
       express_no: null,
       order_no: 'A160629003114',
       company_orders_status_id: 3,
       deliver_charges: 0,
       site_name: '湖东站',
       deliver_address: '方洲路奥特莱斯',
       receiver_name: '林奇',
       deliver_phone: '18702961510',
       deadline_time: '2016-06-29 20:00:00',
       city_name: '苏州',
       fresh: 0,
       goods: [Object] },
     RowDataPacket {
       company_orders_id: 671,
       company_orders_send_date: '2016-06-29 19:36:56',
       express_no: null,
       order_no: 'A16062900319',
       company_orders_status_id: 3,
       deliver_charges: 0,
       site_name: '湖东站',
       deliver_address: '方洲路奥特莱斯',
       receiver_name: '林奇',
       deliver_phone: '18702961510',
       deadline_time: '2016-06-29 19:00:00',
       city_name: '苏州',
       fresh: 0,
       goods: [Object] },
     RowDataPacket {
       company_orders_id: 670,
       company_orders_send_date: '2016-06-29 19:14:24',
       express_no: null,
       order_no: 'A16062900318',
       company_orders_status_id: 3,
       deliver_charges: 0,
       site_name: '湖东站',
       deliver_address: '方洲路奥特莱斯',
       receiver_name: '林奇',
       deliver_phone: '18702961510',
       deadline_time: '2016-06-29 19:00:00',
       city_name: '苏州',
       fresh: 0,
       goods: [Object] },
     RowDataPacket {
       company_orders_id: 669,
       company_orders_send_date: '2016-06-29 19:13:57',
       express_no: null,
       order_no: 'A16062900317',
       company_orders_status_id: 3,
       deliver_charges: 0,
       site_name: '湖东站',
       deliver_address: '方洲路奥特莱斯',
       receiver_name: '林奇',
       deliver_phone: '18702961510',
       deadline_time: '2016-06-29 19:00:00',
       city_name: '苏州',
       fresh: 0,
       goods: [Object] },
     RowDataPacket {
       company_orders_id: 668,
       company_orders_send_date: '2016-06-29 07:08:28',
       express_no: null,
       order_no: 'A16062900316',
       company_orders_status_id: 3,
       deliver_charges: 0,
       site_name: '湖东站',
       deliver_address: '方洲路奥特莱斯',
       receiver_name: '林奇',
       deliver_phone: '18702961510',
       deadline_time: '2016-06-29 07:00:00',
       city_name: '苏州',
       fresh: 0,
       goods: [Object] },
     RowDataPacket {
       company_orders_id: 667,
       company_orders_send_date: '2016-06-29 07:00:45',
       express_no: null,
       order_no: 'A16062900315',
       company_orders_status_id: 3,
       deliver_charges: 0,
       site_name: '湖东站',
       deliver_address: '方洲路奥特莱斯',
       receiver_name: '林奇',
       deliver_phone: '18702961510',
       deadline_time: '2016-06-29 07:00:00',
       city_name: '苏州',
       fresh: 0,
       goods: [Object] },
     RowDataPacket {
       company_orders_id: 666,
       company_orders_send_date: '2016-06-29 06:56:41',
       express_no: null,
       order_no: 'A16062900314',
       company_orders_status_id: 3,
       deliver_charges: 0,
       site_name: '湖东站',
       deliver_address: '方洲路奥特莱斯',
       receiver_name: '林奇',
       deliver_phone: '18702961510',
       deadline_time: '2016-06-29 06:00:00',
       city_name: '苏州',
       fresh: 0,
       goods: [Object] } ],
  counts: 29 }
[2016-06-30 14:47:26.869] [INFO] normal - { company_orders_status_id: 0,
  page: 2,
  size: 10,
  company_id: '43' }
[2016-06-30 14:47:26.913] [INFO] normal - { result: 
   [ RowDataPacket {
       company_orders_id: 665,
       company_orders_send_date: '2016-06-29 06:54:58',
       express_no: null,
       order_no: 'A16062900313',
       company_orders_status_id: 3,
       deliver_charges: 0,
       site_name: '湖东站',
       deliver_address: '方洲路奥特莱斯',
       receiver_name: '林奇',
       deliver_phone: '18702961510',
       deadline_time: '2016-06-29 06:00:00',
       city_name: '苏州',
       fresh: 0,
       goods: [] },
     RowDataPacket {
       company_orders_id: 664,
       company_orders_send_date: '2016-06-29 06:53:32',
       express_no: null,
       order_no: 'A16062900312',
       company_orders_status_id: 3,
       deliver_charges: 0,
       site_name: '湖东站',
       deliver_address: '方洲路奥特莱斯',
       receiver_name: '林奇',
       deliver_phone: '18702961510',
       deadline_time: '2016-06-29 06:00:00',
       city_name: '苏州',
       fresh: 0,
       goods: [] },
     RowDataPacket {
       company_orders_id: 630,
       company_orders_send_date: '2016-06-27 19:03:45',
       express_no: '255487411',
       order_no: '01606270000001711',
       company_orders_status_id: 2,
       deliver_charges: 6000,
       site_name: null,
       deliver_address: '方洲路奥特莱斯',
       receiver_name: '林奇',
       deliver_phone: '18702961510',
       deadline_time: '2016-06-28 15:00:00',
       city_name: null,
       fresh: 1,
       goods: [Object] },
     RowDataPacket {
       company_orders_id: 627,
       company_orders_send_date: '2016-06-28 10:14:02',
       express_no: '21568999',
       order_no: '01606270000001611',
       company_orders_status_id: 2,
       deliver_charges: 3000,
       site_name: null,
       deliver_address: '方洲路奥特莱斯',
       receiver_name: '林奇',
       deliver_phone: '18702961510',
       deadline_time: '2016-06-28 15:00:00',
       city_name: null,
       fresh: 1,
       goods: [Object] },
     RowDataPacket {
       company_orders_id: 626,
       company_orders_send_date: '等待送货',
       express_no: null,
       order_no: '01606270000001511',
       company_orders_status_id: 1,
       deliver_charges: 0,
       site_name: null,
       deliver_address: '方洲路奥特莱斯',
       receiver_name: '林奇',
       deliver_phone: '18702961510',
       deadline_time: '2016-06-28 15:00:00',
       city_name: null,
       fresh: 1,
       goods: [Object] },
     RowDataPacket {
       company_orders_id: 625,
       company_orders_send_date: '等待送货',
       express_no: null,
       order_no: '01606270000001411',
       company_orders_status_id: 1,
       deliver_charges: 0,
       site_name: null,
       deliver_address: '方洲路奥特莱斯',
       receiver_name: '林奇',
       deliver_phone: '18702961510',
       deadline_time: '2016-06-28 15:00:00',
       city_name: null,
       fresh: 1,
       goods: [Object] },
     RowDataPacket {
       company_orders_id: 623,
       company_orders_send_date: '2016-06-27 15:19:19',
       express_no: '234234',
       order_no: '01606270000001211',
       company_orders_status_id: 2,
       deliver_charges: 23000,
       site_name: null,
       deliver_address: '方洲路奥特莱斯',
       receiver_name: '林奇',
       deliver_phone: '18702961510',
       deadline_time: '2016-06-28 15:00:00',
       city_name: null,
       fresh: 1,
       goods: [Object] },
     RowDataPacket {
       company_orders_id: 622,
       company_orders_send_date: '2016-06-27 15:19:03',
       express_no: '2345234',
       order_no: '01606270000001111',
       company_orders_status_id: 2,
       deliver_charges: 23000,
       site_name: null,
       deliver_address: '方洲路奥特莱斯',
       receiver_name: '林奇',
       deliver_phone: '18702961510',
       deadline_time: '2016-06-28 15:00:00',
       city_name: null,
       fresh: 1,
       goods: [Object] },
     RowDataPacket {
       company_orders_id: 621,
       company_orders_send_date: '2016-06-27 15:19:47',
       express_no: '1341234',
       order_no: '01606270000001011',
       company_orders_status_id: 2,
       deliver_charges: 12000,
       site_name: null,
       deliver_address: '方洲路奥特莱斯',
       receiver_name: '林奇',
       deliver_phone: '18702961510',
       deadline_time: '2016-06-28 15:00:00',
       city_name: null,
       fresh: 1,
       goods: [Object] },
     RowDataPacket {
       company_orders_id: 620,
       company_orders_send_date: '等待送货',
       express_no: null,
       order_no: '01606270000000911',
       company_orders_status_id: 1,
       deliver_charges: 0,
       site_name: null,
       deliver_address: '方洲路奥特莱斯',
       receiver_name: '林奇',
       deliver_phone: '18702961510',
       deadline_time: '2016-06-28 15:00:00',
       city_name: null,
       fresh: 1,
       goods: [Object] } ],
  counts: 29 }
[2016-06-30 14:47:54.574] [INFO] normal - { company_orders_status_id: 0,
  page: 1,
  size: 10,
  company_id: '43' }
[2016-06-30 14:47:54.588] [INFO] normal - [ RowDataPacket {
    company_orders_status_id: 1,
    company_orders_status_name: '待发货' },
  RowDataPacket {
    company_orders_status_id: 2,
    company_orders_status_name: '送货中' },
  RowDataPacket {
    company_orders_status_id: 3,
    company_orders_status_name: '已入库' } ]
[2016-06-30 14:47:54.686] [INFO] normal - { result: 
   [ RowDataPacket {
       company_orders_id: 680,
       company_orders_send_date: '2016-06-30 12:58:06',
       express_no: null,
       order_no: 'A16063000314',
       company_orders_status_id: 2,
       deliver_charges: 0,
       site_name: '湖东站',
       deliver_address: '方洲路奥特莱斯',
       receiver_name: '林奇',
       deliver_phone: '18702961510',
       deadline_time: '2016-06-30 12:00:00',
       city_name: '苏州',
       fresh: 0,
       goods: [Object] },
     RowDataPacket {
       company_orders_id: 679,
       company_orders_send_date: '2016-06-30 12:06:52',
       express_no: null,
       order_no: 'A16063000313',
       company_orders_status_id: 3,
       deliver_charges: 0,
       site_name: '湖东站',
       deliver_address: '方洲路奥特莱斯',
       receiver_name: '林奇',
       deliver_phone: '18702961510',
       deadline_time: '2016-06-30 12:00:00',
       city_name: '苏州',
       fresh: 0,
       goods: [Object] },
     RowDataPacket {
       company_orders_id: 678,
       company_orders_send_date: '2016-06-30 11:34:47',
       express_no: null,
       order_no: 'A16063000312',
       company_orders_status_id: 3,
       deliver_charges: 0,
       site_name: '湖东站',
       deliver_address: '方洲路奥特莱斯',
       receiver_name: '林奇',
       deliver_phone: '18702961510',
       deadline_time: '2016-06-30 11:00:00',
       city_name: '苏州',
       fresh: 0,
       goods: [Object] },
     RowDataPacket {
       company_orders_id: 676,
       company_orders_send_date: '2016-06-29 20:43:44',
       express_no: null,
       order_no: 'A160629003114',
       company_orders_status_id: 3,
       deliver_charges: 0,
       site_name: '湖东站',
       deliver_address: '方洲路奥特莱斯',
       receiver_name: '林奇',
       deliver_phone: '18702961510',
       deadline_time: '2016-06-29 20:00:00',
       city_name: '苏州',
       fresh: 0,
       goods: [Object] },
     RowDataPacket {
       company_orders_id: 671,
       company_orders_send_date: '2016-06-29 19:36:56',
       express_no: null,
       order_no: 'A16062900319',
       company_orders_status_id: 3,
       deliver_charges: 0,
       site_name: '湖东站',
       deliver_address: '方洲路奥特莱斯',
       receiver_name: '林奇',
       deliver_phone: '18702961510',
       deadline_time: '2016-06-29 19:00:00',
       city_name: '苏州',
       fresh: 0,
       goods: [Object] },
     RowDataPacket {
       company_orders_id: 670,
       company_orders_send_date: '2016-06-29 19:14:24',
       express_no: null,
       order_no: 'A16062900318',
       company_orders_status_id: 3,
       deliver_charges: 0,
       site_name: '湖东站',
       deliver_address: '方洲路奥特莱斯',
       receiver_name: '林奇',
       deliver_phone: '18702961510',
       deadline_time: '2016-06-29 19:00:00',
       city_name: '苏州',
       fresh: 0,
       goods: [Object] },
     RowDataPacket {
       company_orders_id: 669,
       company_orders_send_date: '2016-06-29 19:13:57',
       express_no: null,
       order_no: 'A16062900317',
       company_orders_status_id: 3,
       deliver_charges: 0,
       site_name: '湖东站',
       deliver_address: '方洲路奥特莱斯',
       receiver_name: '林奇',
       deliver_phone: '18702961510',
       deadline_time: '2016-06-29 19:00:00',
       city_name: '苏州',
       fresh: 0,
       goods: [Object] },
     RowDataPacket {
       company_orders_id: 668,
       company_orders_send_date: '2016-06-29 07:08:28',
       express_no: null,
       order_no: 'A16062900316',
       company_orders_status_id: 3,
       deliver_charges: 0,
       site_name: '湖东站',
       deliver_address: '方洲路奥特莱斯',
       receiver_name: '林奇',
       deliver_phone: '18702961510',
       deadline_time: '2016-06-29 07:00:00',
       city_name: '苏州',
       fresh: 0,
       goods: [Object] },
     RowDataPacket {
       company_orders_id: 667,
       company_orders_send_date: '2016-06-29 07:00:45',
       express_no: null,
       order_no: 'A16062900315',
       company_orders_status_id: 3,
       deliver_charges: 0,
       site_name: '湖东站',
       deliver_address: '方洲路奥特莱斯',
       receiver_name: '林奇',
       deliver_phone: '18702961510',
       deadline_time: '2016-06-29 07:00:00',
       city_name: '苏州',
       fresh: 0,
       goods: [Object] },
     RowDataPacket {
       company_orders_id: 666,
       company_orders_send_date: '2016-06-29 06:56:41',
       express_no: null,
       order_no: 'A16062900314',
       company_orders_status_id: 3,
       deliver_charges: 0,
       site_name: '湖东站',
       deliver_address: '方洲路奥特莱斯',
       receiver_name: '林奇',
       deliver_phone: '18702961510',
       deadline_time: '2016-06-29 06:00:00',
       city_name: '苏州',
       fresh: 0,
       goods: [Object] } ],
  counts: 29 }
[2016-06-30 14:47:57.637] [INFO] normal - { company_orders_status_id: 0,
  page: 2,
  size: 10,
  company_id: '43' }
[2016-06-30 14:47:57.675] [INFO] normal - { result: 
   [ RowDataPacket {
       company_orders_id: 665,
       company_orders_send_date: '2016-06-29 06:54:58',
       express_no: null,
       order_no: 'A16062900313',
       company_orders_status_id: 3,
       deliver_charges: 0,
       site_name: '湖东站',
       deliver_address: '方洲路奥特莱斯',
       receiver_name: '林奇',
       deliver_phone: '18702961510',
       deadline_time: '2016-06-29 06:00:00',
       city_name: '苏州',
       fresh: 0,
       goods: [] },
     RowDataPacket {
       company_orders_id: 664,
       company_orders_send_date: '2016-06-29 06:53:32',
       express_no: null,
       order_no: 'A16062900312',
       company_orders_status_id: 3,
       deliver_charges: 0,
       site_name: '湖东站',
       deliver_address: '方洲路奥特莱斯',
       receiver_name: '林奇',
       deliver_phone: '18702961510',
       deadline_time: '2016-06-29 06:00:00',
       city_name: '苏州',
       fresh: 0,
       goods: [] },
     RowDataPacket {
       company_orders_id: 630,
       company_orders_send_date: '2016-06-27 19:03:45',
       express_no: '255487411',
       order_no: '01606270000001711',
       company_orders_status_id: 2,
       deliver_charges: 6000,
       site_name: null,
       deliver_address: '方洲路奥特莱斯',
       receiver_name: '林奇',
       deliver_phone: '18702961510',
       deadline_time: '2016-06-28 15:00:00',
       city_name: null,
       fresh: 1,
       goods: [Object] },
     RowDataPacket {
       company_orders_id: 627,
       company_orders_send_date: '2016-06-28 10:14:02',
       express_no: '21568999',
       order_no: '01606270000001611',
       company_orders_status_id: 2,
       deliver_charges: 3000,
       site_name: null,
       deliver_address: '方洲路奥特莱斯',
       receiver_name: '林奇',
       deliver_phone: '18702961510',
       deadline_time: '2016-06-28 15:00:00',
       city_name: null,
       fresh: 1,
       goods: [Object] },
     RowDataPacket {
       company_orders_id: 626,
       company_orders_send_date: '等待送货',
       express_no: null,
       order_no: '01606270000001511',
       company_orders_status_id: 1,
       deliver_charges: 0,
       site_name: null,
       deliver_address: '方洲路奥特莱斯',
       receiver_name: '林奇',
       deliver_phone: '18702961510',
       deadline_time: '2016-06-28 15:00:00',
       city_name: null,
       fresh: 1,
       goods: [Object] },
     RowDataPacket {
       company_orders_id: 625,
       company_orders_send_date: '等待送货',
       express_no: null,
       order_no: '01606270000001411',
       company_orders_status_id: 1,
       deliver_charges: 0,
       site_name: null,
       deliver_address: '方洲路奥特莱斯',
       receiver_name: '林奇',
       deliver_phone: '18702961510',
       deadline_time: '2016-06-28 15:00:00',
       city_name: null,
       fresh: 1,
       goods: [Object] },
     RowDataPacket {
       company_orders_id: 623,
       company_orders_send_date: '2016-06-27 15:19:19',
       express_no: '234234',
       order_no: '01606270000001211',
       company_orders_status_id: 2,
       deliver_charges: 23000,
       site_name: null,
       deliver_address: '方洲路奥特莱斯',
       receiver_name: '林奇',
       deliver_phone: '18702961510',
       deadline_time: '2016-06-28 15:00:00',
       city_name: null,
       fresh: 1,
       goods: [Object] },
     RowDataPacket {
       company_orders_id: 622,
       company_orders_send_date: '2016-06-27 15:19:03',
       express_no: '2345234',
       order_no: '01606270000001111',
       company_orders_status_id: 2,
       deliver_charges: 23000,
       site_name: null,
       deliver_address: '方洲路奥特莱斯',
       receiver_name: '林奇',
       deliver_phone: '18702961510',
       deadline_time: '2016-06-28 15:00:00',
       city_name: null,
       fresh: 1,
       goods: [Object] },
     RowDataPacket {
       company_orders_id: 621,
       company_orders_send_date: '2016-06-27 15:19:47',
       express_no: '1341234',
       order_no: '01606270000001011',
       company_orders_status_id: 2,
       deliver_charges: 12000,
       site_name: null,
       deliver_address: '方洲路奥特莱斯',
       receiver_name: '林奇',
       deliver_phone: '18702961510',
       deadline_time: '2016-06-28 15:00:00',
       city_name: null,
       fresh: 1,
       goods: [Object] },
     RowDataPacket {
       company_orders_id: 620,
       company_orders_send_date: '等待送货',
       express_no: null,
       order_no: '01606270000000911',
       company_orders_status_id: 1,
       deliver_charges: 0,
       site_name: null,
       deliver_address: '方洲路奥特莱斯',
       receiver_name: '林奇',
       deliver_phone: '18702961510',
       deadline_time: '2016-06-28 15:00:00',
       city_name: null,
       fresh: 1,
       goods: [Object] } ],
  counts: 29 }
[2016-06-30 14:50:16.549] [INFO] normal - { company_id: '43' }
[2016-06-30 14:50:16.550] [INFO] normal - { company_id: '43', page: '1', size: '10' }
[2016-06-30 14:50:16.571] [INFO] normal - { result: 
   [ RowDataPacket {
       company_passwd: '123456',
       company_nickname: '有农合作伙伴',
       company_phone: '18681561401',
       company_pay_tag: 0,
       company_account: null,
       headimgurl: null,
       company_money: 0,
       company_integration: 0,
       account_changed: 0,
       billing_cycle: null,
       company_introduction: null,
       apply_date: '暂无',
       company_address: '吴中区',
       company_name: '本地供应商A',
       creat_date: '2016-06-23' } ] }
[2016-06-30 14:50:16.572] [INFO] normal - { result: [], counts: 0 }
[2016-06-30 14:50:18.107] [INFO] normal - { company_orders_status_id: 0,
  page: 1,
  size: 10,
  company_id: '43' }
[2016-06-30 14:50:18.124] [INFO] normal - [ RowDataPacket {
    company_orders_status_id: 1,
    company_orders_status_name: '待发货' },
  RowDataPacket {
    company_orders_status_id: 2,
    company_orders_status_name: '送货中' },
  RowDataPacket {
    company_orders_status_id: 3,
    company_orders_status_name: '已入库' } ]
[2016-06-30 14:50:18.146] [INFO] normal - { result: 
   [ RowDataPacket {
       company_orders_id: 680,
       company_orders_send_date: '2016-06-30 12:58:06',
       express_no: null,
       order_no: 'A16063000314',
       company_orders_status_id: 2,
       deliver_charges: 0,
       site_name: '湖东站',
       deliver_address: '方洲路奥特莱斯',
       receiver_name: '林奇',
       deliver_phone: '18702961510',
       deadline_time: '2016-06-30 12:00:00',
       city_name: '苏州',
       fresh: 0,
       goods: [Object] },
     RowDataPacket {
       company_orders_id: 679,
       company_orders_send_date: '2016-06-30 12:06:52',
       express_no: null,
       order_no: 'A16063000313',
       company_orders_status_id: 3,
       deliver_charges: 0,
       site_name: '湖东站',
       deliver_address: '方洲路奥特莱斯',
       receiver_name: '林奇',
       deliver_phone: '18702961510',
       deadline_time: '2016-06-30 12:00:00',
       city_name: '苏州',
       fresh: 0,
       goods: [Object] },
     RowDataPacket {
       company_orders_id: 678,
       company_orders_send_date: '2016-06-30 11:34:47',
       express_no: null,
       order_no: 'A16063000312',
       company_orders_status_id: 3,
       deliver_charges: 0,
       site_name: '湖东站',
       deliver_address: '方洲路奥特莱斯',
       receiver_name: '林奇',
       deliver_phone: '18702961510',
       deadline_time: '2016-06-30 11:00:00',
       city_name: '苏州',
       fresh: 0,
       goods: [Object] },
     RowDataPacket {
       company_orders_id: 676,
       company_orders_send_date: '2016-06-29 20:43:44',
       express_no: null,
       order_no: 'A160629003114',
       company_orders_status_id: 3,
       deliver_charges: 0,
       site_name: '湖东站',
       deliver_address: '方洲路奥特莱斯',
       receiver_name: '林奇',
       deliver_phone: '18702961510',
       deadline_time: '2016-06-29 20:00:00',
       city_name: '苏州',
       fresh: 0,
       goods: [Object] },
     RowDataPacket {
       company_orders_id: 671,
       company_orders_send_date: '2016-06-29 19:36:56',
       express_no: null,
       order_no: 'A16062900319',
       company_orders_status_id: 3,
       deliver_charges: 0,
       site_name: '湖东站',
       deliver_address: '方洲路奥特莱斯',
       receiver_name: '林奇',
       deliver_phone: '18702961510',
       deadline_time: '2016-06-29 19:00:00',
       city_name: '苏州',
       fresh: 0,
       goods: [Object] },
     RowDataPacket {
       company_orders_id: 670,
       company_orders_send_date: '2016-06-29 19:14:24',
       express_no: null,
       order_no: 'A16062900318',
       company_orders_status_id: 3,
       deliver_charges: 0,
       site_name: '湖东站',
       deliver_address: '方洲路奥特莱斯',
       receiver_name: '林奇',
       deliver_phone: '18702961510',
       deadline_time: '2016-06-29 19:00:00',
       city_name: '苏州',
       fresh: 0,
       goods: [Object] },
     RowDataPacket {
       company_orders_id: 669,
       company_orders_send_date: '2016-06-29 19:13:57',
       express_no: null,
       order_no: 'A16062900317',
       company_orders_status_id: 3,
       deliver_charges: 0,
       site_name: '湖东站',
       deliver_address: '方洲路奥特莱斯',
       receiver_name: '林奇',
       deliver_phone: '18702961510',
       deadline_time: '2016-06-29 19:00:00',
       city_name: '苏州',
       fresh: 0,
       goods: [Object] },
     RowDataPacket {
       company_orders_id: 668,
       company_orders_send_date: '2016-06-29 07:08:28',
       express_no: null,
       order_no: 'A16062900316',
       company_orders_status_id: 3,
       deliver_charges: 0,
       site_name: '湖东站',
       deliver_address: '方洲路奥特莱斯',
       receiver_name: '林奇',
       deliver_phone: '18702961510',
       deadline_time: '2016-06-29 07:00:00',
       city_name: '苏州',
       fresh: 0,
       goods: [Object] },
     RowDataPacket {
       company_orders_id: 667,
       company_orders_send_date: '2016-06-29 07:00:45',
       express_no: null,
       order_no: 'A16062900315',
       company_orders_status_id: 3,
       deliver_charges: 0,
       site_name: '湖东站',
       deliver_address: '方洲路奥特莱斯',
       receiver_name: '林奇',
       deliver_phone: '18702961510',
       deadline_time: '2016-06-29 07:00:00',
       city_name: '苏州',
       fresh: 0,
       goods: [Object] },
     RowDataPacket {
       company_orders_id: 666,
       company_orders_send_date: '2016-06-29 06:56:41',
       express_no: null,
       order_no: 'A16062900314',
       company_orders_status_id: 3,
       deliver_charges: 0,
       site_name: '湖东站',
       deliver_address: '方洲路奥特莱斯',
       receiver_name: '林奇',
       deliver_phone: '18702961510',
       deadline_time: '2016-06-29 06:00:00',
       city_name: '苏州',
       fresh: 0,
       goods: [Object] } ],
  counts: 29 }
[2016-06-30 14:50:21.926] [INFO] normal - { company_goods_status_id: 2,
  page: 1,
  size: 10,
  sales_promotion: 0,
  isPromotionModule: true,
  type: '0',
  audit: 0,
  company_id: '43' }
[2016-06-30 14:50:21.927] [INFO] normal - { result: 
   [ RowDataPacket {
       activity_id: 18,
       activity_name: '普通营销活动1',
       activity_start_time: Mon Jun 20 2016 00:00:00 GMT+0800 (中国标准时间),
       activity_end_time: Sun Jul 31 2016 00:00:00 GMT+0800 (中国标准时间),
       activity_describe: '普通营销活动1' },
     RowDataPacket {
       activity_id: 19,
       activity_name: '普通营销活动2',
       activity_start_time: Tue Jun 21 2016 00:00:00 GMT+0800 (中国标准时间),
       activity_end_time: Fri Jul 29 2016 00:00:00 GMT+0800 (中国标准时间),
       activity_describe: '普通营销活动2' },
     RowDataPacket {
       activity_id: 20,
       activity_name: '地推活动',
       activity_start_time: Mon Jun 20 2016 00:00:00 GMT+0800 (中国标准时间),
       activity_end_time: Fri Sep 30 2016 00:00:00 GMT+0800 (中国标准时间),
       activity_describe: '地推0元购活动' } ] }
[2016-06-30 14:50:22.012] [INFO] normal - { array: 
   [ RowDataPacket {
       company_goods_activity_icon: 'icons/16-06-25/3b9854ca5f5e34e03f81820bca659e4f.jpg',
       company_goods_id: 128,
       company_goods_send: 1,
       company_goods_fresh: 1,
       auditResult: '修改',
       company_goods_name: '活动商品A0',
       company_goods_icon: 'icons/16-06-20/343d6897048f7712c5435e74bf33a75e.jpg',
       company_goods_place: '苏州',
       company_goods_status_name: '已上架',
       company_goods_status_id: 2,
       company_goods_audit: 3,
       company_goods_self_activity: 2,
       billing_type: 0,
       skuArr: [Object] },
     RowDataPacket {
       company_goods_activity_icon: null,
       company_goods_id: 127,
       company_goods_send: 1,
       company_goods_fresh: 1,
       auditResult: '推荐',
       company_goods_name: '本地订驱A预售',
       company_goods_icon: 'icons/16-06-20/375a9718682d4d775e2c883e1f9def2a.jpg',
       company_goods_place: '苏州',
       company_goods_status_name: '已上架',
       company_goods_status_id: 2,
       company_goods_audit: 3,
       company_goods_self_activity: 1,
       billing_type: 0,
       skuArr: [Object] },
     RowDataPacket {
       company_goods_activity_icon: null,
       company_goods_id: 126,
       company_goods_send: 1,
       company_goods_fresh: 1,
       auditResult: '推荐',
       company_goods_name: '本地订驱A1',
       company_goods_icon: 'icons/16-06-20/b81ebe05eda3ec34b0078186ed6040cd.jpg',
       company_goods_place: '苏州东山',
       company_goods_status_name: '已上架',
       company_goods_status_id: 2,
       company_goods_audit: 3,
       company_goods_self_activity: 1,
       billing_type: 0,
       skuArr: [Object] },
     RowDataPacket {
       company_goods_activity_icon: null,
       company_goods_id: 125,
       company_goods_send: 1,
       company_goods_fresh: 0,
       auditResult: '推荐',
       company_goods_name: '本地库驱A1',
       company_goods_icon: 'icons/16-06-20/96e7f5e4200358a9cc275a0959b0982f.jpg',
       company_goods_place: '苏州',
       company_goods_status_name: '已上架',
       company_goods_status_id: 2,
       company_goods_audit: 3,
       company_goods_self_activity: 1,
       billing_type: 0,
       skuArr: [Object] },
     RowDataPacket {
       company_goods_activity_icon: null,
       company_goods_id: 124,
       company_goods_send: 0,
       company_goods_fresh: 0,
       auditResult: 'perfect',
       company_goods_name: '本地库驱A0',
       company_goods_icon: 'icons/16-06-20/fd5891b693a6938dc7c1e354473f7f1c.jpg',
       company_goods_place: '海南',
       company_goods_status_name: '已上架',
       company_goods_status_id: 2,
       company_goods_audit: 3,
       company_goods_self_activity: 1,
       billing_type: 0,
       skuArr: [Object] } ],
  counts: 5 }
[2016-06-30 14:50:28.383] [INFO] normal - OkPacket {
  fieldCount: 0,
  affectedRows: 1,
  insertId: 0,
  serverStatus: 2,
  warningCount: 0,
  message: '(Rows matched: 1  Changed: 0  Warnings: 0',
  protocol41: true,
  changedRows: 0 }
[2016-06-30 14:50:28.397] [INFO] normal - OkPacket {
  fieldCount: 0,
  affectedRows: 1,
  insertId: 0,
  serverStatus: 2,
  warningCount: 0,
  message: '(Rows matched: 1  Changed: 0  Warnings: 0',
  protocol41: true,
  changedRows: 0 }
[2016-06-30 14:52:44.157] [INFO] normal - { company_goods_status_id: 2,
  page: 1,
  size: 10,
  sales_promotion: 0,
  isPromotionModule: true,
  type: '0',
  audit: 0,
  company_id: '43' }
[2016-06-30 14:52:44.210] [INFO] normal - { result: 
   [ RowDataPacket {
       activity_id: 18,
       activity_name: '普通营销活动1',
       activity_start_time: Mon Jun 20 2016 00:00:00 GMT+0800 (中国标准时间),
       activity_end_time: Sun Jul 31 2016 00:00:00 GMT+0800 (中国标准时间),
       activity_describe: '普通营销活动1' },
     RowDataPacket {
       activity_id: 19,
       activity_name: '普通营销活动2',
       activity_start_time: Tue Jun 21 2016 00:00:00 GMT+0800 (中国标准时间),
       activity_end_time: Fri Jul 29 2016 00:00:00 GMT+0800 (中国标准时间),
       activity_describe: '普通营销活动2' },
     RowDataPacket {
       activity_id: 20,
       activity_name: '地推活动',
       activity_start_time: Mon Jun 20 2016 00:00:00 GMT+0800 (中国标准时间),
       activity_end_time: Fri Sep 30 2016 00:00:00 GMT+0800 (中国标准时间),
       activity_describe: '地推0元购活动' } ] }
[2016-06-30 14:52:44.239] [INFO] normal - { array: 
   [ RowDataPacket {
       company_goods_activity_icon: 'icons/16-06-25/3b9854ca5f5e34e03f81820bca659e4f.jpg',
       company_goods_id: 128,
       company_goods_send: 1,
       company_goods_fresh: 1,
       auditResult: '修改',
       company_goods_name: '活动商品A0',
       company_goods_icon: 'icons/16-06-20/343d6897048f7712c5435e74bf33a75e.jpg',
       company_goods_place: '苏州',
       company_goods_status_name: '已上架',
       company_goods_status_id: 2,
       company_goods_audit: 3,
       company_goods_self_activity: 2,
       billing_type: 0,
       skuArr: [Object] },
     RowDataPacket {
       company_goods_activity_icon: null,
       company_goods_id: 127,
       company_goods_send: 1,
       company_goods_fresh: 1,
       auditResult: '推荐',
       company_goods_name: '本地订驱A预售',
       company_goods_icon: 'icons/16-06-20/375a9718682d4d775e2c883e1f9def2a.jpg',
       company_goods_place: '苏州',
       company_goods_status_name: '已上架',
       company_goods_status_id: 2,
       company_goods_audit: 3,
       company_goods_self_activity: 1,
       billing_type: 0,
       skuArr: [Object] },
     RowDataPacket {
       company_goods_activity_icon: null,
       company_goods_id: 126,
       company_goods_send: 1,
       company_goods_fresh: 1,
       auditResult: '推荐',
       company_goods_name: '本地订驱A1',
       company_goods_icon: 'icons/16-06-20/b81ebe05eda3ec34b0078186ed6040cd.jpg',
       company_goods_place: '苏州东山',
       company_goods_status_name: '已上架',
       company_goods_status_id: 2,
       company_goods_audit: 3,
       company_goods_self_activity: 1,
       billing_type: 0,
       skuArr: [Object] },
     RowDataPacket {
       company_goods_activity_icon: null,
       company_goods_id: 125,
       company_goods_send: 1,
       company_goods_fresh: 0,
       auditResult: '推荐',
       company_goods_name: '本地库驱A1',
       company_goods_icon: 'icons/16-06-20/96e7f5e4200358a9cc275a0959b0982f.jpg',
       company_goods_place: '苏州',
       company_goods_status_name: '已上架',
       company_goods_status_id: 2,
       company_goods_audit: 3,
       company_goods_self_activity: 1,
       billing_type: 0,
       skuArr: [Object] },
     RowDataPacket {
       company_goods_activity_icon: null,
       company_goods_id: 124,
       company_goods_send: 0,
       company_goods_fresh: 0,
       auditResult: 'perfect',
       company_goods_name: '本地库驱A0',
       company_goods_icon: 'icons/16-06-20/fd5891b693a6938dc7c1e354473f7f1c.jpg',
       company_goods_place: '海南',
       company_goods_status_name: '已上架',
       company_goods_status_id: 2,
       company_goods_audit: 3,
       company_goods_self_activity: 1,
       billing_type: 0,
       skuArr: [Object] } ],
  counts: 5 }
[2016-06-30 14:52:53.028] [INFO] normal - OkPacket {
  fieldCount: 0,
  affectedRows: 1,
  insertId: 0,
  serverStatus: 2,
  warningCount: 0,
  message: '(Rows matched: 1  Changed: 0  Warnings: 0',
  protocol41: true,
  changedRows: 0 }
[2016-06-30 14:52:53.037] [INFO] normal - OkPacket {
  fieldCount: 0,
  affectedRows: 1,
  insertId: 0,
  serverStatus: 2,
  warningCount: 0,
  message: '(Rows matched: 1  Changed: 0  Warnings: 0',
  protocol41: true,
  changedRows: 0 }
[2016-06-30 14:56:20.461] [INFO] normal - OkPacket {
  fieldCount: 0,
  affectedRows: 1,
  insertId: 0,
  serverStatus: 2,
  warningCount: 0,
  message: '(Rows matched: 1  Changed: 0  Warnings: 0',
  protocol41: true,
  changedRows: 0 }
[2016-06-30 14:56:20.463] [INFO] normal - { company_id: '43' }
[2016-06-30 14:56:20.464] [INFO] normal - OkPacket {
  fieldCount: 0,
  affectedRows: 1,
  insertId: 0,
  serverStatus: 2,
  warningCount: 0,
  message: '(Rows matched: 1  Changed: 0  Warnings: 0',
  protocol41: true,
  changedRows: 0 }
[2016-06-30 14:56:20.765] [INFO] normal - { result: 
   [ RowDataPacket { company_goods_name: '本地库驱A0', company_goods_id: 124 },
     RowDataPacket { company_goods_name: '本地库驱A1', company_goods_id: 125 },
     RowDataPacket { company_goods_name: '本地订驱A1', company_goods_id: 126 },
     RowDataPacket { company_goods_name: '本地订驱A预售', company_goods_id: 127 },
     RowDataPacket { company_goods_name: '活动商品A0', company_goods_id: 128 },
     RowDataPacket { company_goods_name: '测试', company_goods_id: 150 } ] }
[2016-06-30 15:02:19.363] [INFO] normal - { result: 
   [ RowDataPacket { company_goods_status_id: 1, company_goods_status_name: '待审核' },
     RowDataPacket { company_goods_status_id: 2, company_goods_status_name: '已上架' },
     RowDataPacket {
       company_goods_status_id: 3,
       company_goods_status_name: '商家下架' },
     RowDataPacket {
       company_goods_status_id: 5,
       company_goods_status_name: '强制下架' },
     RowDataPacket {
       company_goods_status_id: 6,
       company_goods_status_name: '自动下架' },
     RowDataPacket {
       company_goods_status_id: 8,
       company_goods_status_name: '审核不通过' },
     RowDataPacket {
       company_goods_status_id: 9,
       company_goods_status_name: '等待上架' },
     RowDataPacket { company_goods_status_id: 10, company_goods_status_name: '暂存' },
     RowDataPacket {
       company_goods_status_id: 11,
       company_goods_status_name: '买一送一' },
     RowDataPacket { company_goods_status_id: 12, company_goods_status_name: '打折' },
     RowDataPacket { company_goods_status_id: 13, company_goods_status_name: '促销' } ] }
[2016-06-30 15:02:19.371] [INFO] normal - { company_goods_status_id: 0,
  page: 1,
  size: 10,
  company_id: '43' }
[2016-06-30 15:02:19.395] [INFO] normal - { array: 
   [ RowDataPacket {
       company_goods_activity_icon: null,
       company_goods_id: 150,
       company_goods_send: 0,
       company_goods_fresh: 1,
       auditResult: '下架',
       company_goods_name: '测试',
       company_goods_icon: 'icons/16-06-25/2c55b6b9a3a9a9a4346d43882a446e84.png',
       company_goods_place: '苏州',
       company_goods_status_name: '强制下架',
       company_goods_status_id: 5,
       company_goods_audit: 3,
       company_goods_self_activity: 0,
       billing_type: 0,
       skuArr: [Object] },
     RowDataPacket {
       company_goods_activity_icon: 'icons/16-06-25/3b9854ca5f5e34e03f81820bca659e4f.jpg',
       company_goods_id: 128,
       company_goods_send: 1,
       company_goods_fresh: 1,
       auditResult: '修改',
       company_goods_name: '活动商品A0',
       company_goods_icon: 'icons/16-06-20/343d6897048f7712c5435e74bf33a75e.jpg',
       company_goods_place: '苏州',
       company_goods_status_name: '已上架',
       company_goods_status_id: 2,
       company_goods_audit: 3,
       company_goods_self_activity: 2,
       billing_type: 0,
       skuArr: [Object] },
     RowDataPacket {
       company_goods_activity_icon: null,
       company_goods_id: 127,
       company_goods_send: 1,
       company_goods_fresh: 1,
       auditResult: '推荐',
       company_goods_name: '本地订驱A预售',
       company_goods_icon: 'icons/16-06-20/375a9718682d4d775e2c883e1f9def2a.jpg',
       company_goods_place: '苏州',
       company_goods_status_name: '已上架',
       company_goods_status_id: 2,
       company_goods_audit: 3,
       company_goods_self_activity: 1,
       billing_type: 0,
       skuArr: [Object] },
     RowDataPacket {
       company_goods_activity_icon: null,
       company_goods_id: 126,
       company_goods_send: 1,
       company_goods_fresh: 1,
       auditResult: '推荐',
       company_goods_name: '本地订驱A1',
       company_goods_icon: 'icons/16-06-20/b81ebe05eda3ec34b0078186ed6040cd.jpg',
       company_goods_place: '苏州东山',
       company_goods_status_name: '已上架',
       company_goods_status_id: 2,
       company_goods_audit: 3,
       company_goods_self_activity: 1,
       billing_type: 0,
       skuArr: [Object] },
     RowDataPacket {
       company_goods_activity_icon: null,
       company_goods_id: 125,
       company_goods_send: 1,
       company_goods_fresh: 0,
       auditResult: '推荐',
       company_goods_name: '本地库驱A1',
       company_goods_icon: 'icons/16-06-20/96e7f5e4200358a9cc275a0959b0982f.jpg',
       company_goods_place: '苏州',
       company_goods_status_name: '已上架',
       company_goods_status_id: 2,
       company_goods_audit: 3,
       company_goods_self_activity: 1,
       billing_type: 0,
       skuArr: [Object] },
     RowDataPacket {
       company_goods_activity_icon: null,
       company_goods_id: 124,
       company_goods_send: 0,
       company_goods_fresh: 0,
       auditResult: 'perfect',
       company_goods_name: '本地库驱A0',
       company_goods_icon: 'icons/16-06-20/fd5891b693a6938dc7c1e354473f7f1c.jpg',
       company_goods_place: '海南',
       company_goods_status_name: '已上架',
       company_goods_status_id: 2,
       company_goods_audit: 3,
       company_goods_self_activity: 1,
       billing_type: 0,
       skuArr: [Object] } ],
  counts: 6 }
[2016-06-30 15:04:23.312] [INFO] normal - { result: 
   [ RowDataPacket { company_goods_status_id: 1, company_goods_status_name: '待审核' },
     RowDataPacket { company_goods_status_id: 2, company_goods_status_name: '已上架' },
     RowDataPacket {
       company_goods_status_id: 3,
       company_goods_status_name: '商家下架' },
     RowDataPacket {
       company_goods_status_id: 5,
       company_goods_status_name: '强制下架' },
     RowDataPacket {
       company_goods_status_id: 6,
       company_goods_status_name: '自动下架' },
     RowDataPacket {
       company_goods_status_id: 8,
       company_goods_status_name: '审核不通过' },
     RowDataPacket {
       company_goods_status_id: 9,
       company_goods_status_name: '等待上架' },
     RowDataPacket { company_goods_status_id: 10, company_goods_status_name: '暂存' },
     RowDataPacket {
       company_goods_status_id: 11,
       company_goods_status_name: '买一送一' },
     RowDataPacket { company_goods_status_id: 12, company_goods_status_name: '打折' },
     RowDataPacket { company_goods_status_id: 13, company_goods_status_name: '促销' } ] }
[2016-06-30 15:04:23.317] [INFO] normal - { company_goods_status_id: 0,
  page: 1,
  size: 10,
  company_id: '43' }
[2016-06-30 15:04:23.350] [INFO] normal - { array: 
   [ RowDataPacket {
       company_goods_activity_icon: null,
       company_goods_id: 150,
       company_goods_send: 0,
       company_goods_fresh: 1,
       auditResult: '下架',
       company_goods_name: '测试',
       company_goods_icon: 'icons/16-06-25/2c55b6b9a3a9a9a4346d43882a446e84.png',
       company_goods_place: '苏州',
       company_goods_status_name: '强制下架',
       company_goods_status_id: 5,
       company_goods_audit: 3,
       company_goods_self_activity: 0,
       billing_type: 0,
       skuArr: [Object] },
     RowDataPacket {
       company_goods_activity_icon: 'icons/16-06-25/3b9854ca5f5e34e03f81820bca659e4f.jpg',
       company_goods_id: 128,
       company_goods_send: 1,
       company_goods_fresh: 1,
       auditResult: '修改',
       company_goods_name: '活动商品A0',
       company_goods_icon: 'icons/16-06-20/343d6897048f7712c5435e74bf33a75e.jpg',
       company_goods_place: '苏州',
       company_goods_status_name: '已上架',
       company_goods_status_id: 2,
       company_goods_audit: 3,
       company_goods_self_activity: 2,
       billing_type: 0,
       skuArr: [Object] },
     RowDataPacket {
       company_goods_activity_icon: null,
       company_goods_id: 127,
       company_goods_send: 1,
       company_goods_fresh: 1,
       auditResult: '推荐',
       company_goods_name: '本地订驱A预售',
       company_goods_icon: 'icons/16-06-20/375a9718682d4d775e2c883e1f9def2a.jpg',
       company_goods_place: '苏州',
       company_goods_status_name: '已上架',
       company_goods_status_id: 2,
       company_goods_audit: 3,
       company_goods_self_activity: 1,
       billing_type: 0,
       skuArr: [Object] },
     RowDataPacket {
       company_goods_activity_icon: null,
       company_goods_id: 126,
       company_goods_send: 1,
       company_goods_fresh: 1,
       auditResult: '推荐',
       company_goods_name: '本地订驱A1',
       company_goods_icon: 'icons/16-06-20/b81ebe05eda3ec34b0078186ed6040cd.jpg',
       company_goods_place: '苏州东山',
       company_goods_status_name: '已上架',
       company_goods_status_id: 2,
       company_goods_audit: 3,
       company_goods_self_activity: 1,
       billing_type: 0,
       skuArr: [Object] },
     RowDataPacket {
       company_goods_activity_icon: null,
       company_goods_id: 125,
       company_goods_send: 1,
       company_goods_fresh: 0,
       auditResult: '推荐',
       company_goods_name: '本地库驱A1',
       company_goods_icon: 'icons/16-06-20/96e7f5e4200358a9cc275a0959b0982f.jpg',
       company_goods_place: '苏州',
       company_goods_status_name: '已上架',
       company_goods_status_id: 2,
       company_goods_audit: 3,
       company_goods_self_activity: 1,
       billing_type: 0,
       skuArr: [Object] },
     RowDataPacket {
       company_goods_activity_icon: null,
       company_goods_id: 124,
       company_goods_send: 0,
       company_goods_fresh: 0,
       auditResult: 'perfect',
       company_goods_name: '本地库驱A0',
       company_goods_icon: 'icons/16-06-20/fd5891b693a6938dc7c1e354473f7f1c.jpg',
       company_goods_place: '海南',
       company_goods_status_name: '已上架',
       company_goods_status_id: 2,
       company_goods_audit: 3,
       company_goods_self_activity: 1,
       billing_type: 0,
       skuArr: [Object] } ],
  counts: 6 }
[2016-06-30 15:05:12.618] [INFO] normal - { company_goods_status_id: 2,
  page: 1,
  size: 10,
  sales_promotion: 0,
  isPromotionModule: true,
  type: '0',
  audit: 0,
  company_id: '43' }
[2016-06-30 15:05:12.628] [INFO] normal - { result: 
   [ RowDataPacket {
       activity_id: 18,
       activity_name: '普通营销活动1',
       activity_start_time: Mon Jun 20 2016 00:00:00 GMT+0800 (中国标准时间),
       activity_end_time: Sun Jul 31 2016 00:00:00 GMT+0800 (中国标准时间),
       activity_describe: '普通营销活动1' },
     RowDataPacket {
       activity_id: 19,
       activity_name: '普通营销活动2',
       activity_start_time: Tue Jun 21 2016 00:00:00 GMT+0800 (中国标准时间),
       activity_end_time: Fri Jul 29 2016 00:00:00 GMT+0800 (中国标准时间),
       activity_describe: '普通营销活动2' },
     RowDataPacket {
       activity_id: 20,
       activity_name: '地推活动',
       activity_start_time: Mon Jun 20 2016 00:00:00 GMT+0800 (中国标准时间),
       activity_end_time: Fri Sep 30 2016 00:00:00 GMT+0800 (中国标准时间),
       activity_describe: '地推0元购活动' } ] }
[2016-06-30 15:05:12.655] [INFO] normal - { array: 
   [ RowDataPacket {
       company_goods_activity_icon: 'icons/16-06-25/3b9854ca5f5e34e03f81820bca659e4f.jpg',
       company_goods_id: 128,
       company_goods_send: 1,
       company_goods_fresh: 1,
       auditResult: '修改',
       company_goods_name: '活动商品A0',
       company_goods_icon: 'icons/16-06-20/343d6897048f7712c5435e74bf33a75e.jpg',
       company_goods_place: '苏州',
       company_goods_status_name: '已上架',
       company_goods_status_id: 2,
       company_goods_audit: 3,
       company_goods_self_activity: 2,
       billing_type: 0,
       skuArr: [Object] },
     RowDataPacket {
       company_goods_activity_icon: null,
       company_goods_id: 127,
       company_goods_send: 1,
       company_goods_fresh: 1,
       auditResult: '推荐',
       company_goods_name: '本地订驱A预售',
       company_goods_icon: 'icons/16-06-20/375a9718682d4d775e2c883e1f9def2a.jpg',
       company_goods_place: '苏州',
       company_goods_status_name: '已上架',
       company_goods_status_id: 2,
       company_goods_audit: 3,
       company_goods_self_activity: 1,
       billing_type: 0,
       skuArr: [Object] },
     RowDataPacket {
       company_goods_activity_icon: null,
       company_goods_id: 126,
       company_goods_send: 1,
       company_goods_fresh: 1,
       auditResult: '推荐',
       company_goods_name: '本地订驱A1',
       company_goods_icon: 'icons/16-06-20/b81ebe05eda3ec34b0078186ed6040cd.jpg',
       company_goods_place: '苏州东山',
       company_goods_status_name: '已上架',
       company_goods_status_id: 2,
       company_goods_audit: 3,
       company_goods_self_activity: 1,
       billing_type: 0,
       skuArr: [Object] },
     RowDataPacket {
       company_goods_activity_icon: null,
       company_goods_id: 125,
       company_goods_send: 1,
       company_goods_fresh: 0,
       auditResult: '推荐',
       company_goods_name: '本地库驱A1',
       company_goods_icon: 'icons/16-06-20/96e7f5e4200358a9cc275a0959b0982f.jpg',
       company_goods_place: '苏州',
       company_goods_status_name: '已上架',
       company_goods_status_id: 2,
       company_goods_audit: 3,
       company_goods_self_activity: 1,
       billing_type: 0,
       skuArr: [Object] },
     RowDataPacket {
       company_goods_activity_icon: null,
       company_goods_id: 124,
       company_goods_send: 0,
       company_goods_fresh: 0,
       auditResult: 'perfect',
       company_goods_name: '本地库驱A0',
       company_goods_icon: 'icons/16-06-20/fd5891b693a6938dc7c1e354473f7f1c.jpg',
       company_goods_place: '海南',
       company_goods_status_name: '已上架',
       company_goods_status_id: 2,
       company_goods_audit: 3,
       company_goods_self_activity: 1,
       billing_type: 0,
       skuArr: [Object] } ],
  counts: 5 }
[2016-06-30 15:09:42.035] [INFO] normal - OkPacket {
  fieldCount: 0,
  affectedRows: 1,
  insertId: 0,
  serverStatus: 2,
  warningCount: 0,
  message: '(Rows matched: 1  Changed: 0  Warnings: 0',
  protocol41: true,
  changedRows: 0 }
[2016-06-30 15:09:42.037] [INFO] normal - OkPacket {
  fieldCount: 0,
  affectedRows: 1,
  insertId: 0,
  serverStatus: 2,
  warningCount: 0,
  message: '(Rows matched: 1  Changed: 0  Warnings: 0',
  protocol41: true,
  changedRows: 0 }
[2016-06-30 15:13:15.321] [INFO] normal - OkPacket {
  fieldCount: 0,
  affectedRows: 1,
  insertId: 0,
  serverStatus: 2,
  warningCount: 0,
  message: '(Rows matched: 1  Changed: 0  Warnings: 0',
  protocol41: true,
  changedRows: 0 }
[2016-06-30 15:13:15.323] [INFO] normal - OkPacket {
  fieldCount: 0,
  affectedRows: 1,
  insertId: 0,
  serverStatus: 2,
  warningCount: 0,
  message: '(Rows matched: 1  Changed: 0  Warnings: 0',
  protocol41: true,
  changedRows: 0 }
