[2016-09-14 15:23:43.572] [INFO] normal - [ { categories_id: 3, category_name: '粮油米面' },
  { categories_id: 110, category_name: '五谷养生' },
  { categories_id: 112, category_name: '水产海鲜' },
  { categories_id: 113, category_name: '肉类禽蛋' },
  { categories_id: 115, category_name: '时令果蔬' },
  { categories_id: 116, category_name: '水果便当' },
  { categories_id: 117, category_name: '地方特产' } ]
[2016-09-14 15:58:43.576] [INFO] normal - { company_goods_status_id: 0,
  page: 1,
  size: 10,
  company_id: '50' }
[2016-09-14 15:58:43.583] [INFO] normal - [ { deliveryTemplateId: 137,
    deliveryTemplateName: '江浙沪单盒运费',
    frequence: 2,
    isShippingFree: 0,
    delivery_charge: 15000,
    first_cases: 1,
    step: 1,
    extra_charge: 0,
    addTime: Sun Aug 14 2016 18:29:40 GMT+0800 (CST),
    updateTime: Sun Aug 14 2016 18:29:40 GMT+0800 (CST),
    statue: 1,
    company_id: 50 },
  { deliveryTemplateId: 138,
    deliveryTemplateName: '65元以上包邮',
    frequence: 2,
    isShippingFree: 1,
    delivery_charge: 0,
    first_cases: 1,
    step: 1,
    extra_charge: 0,
    addTime: Sun Aug 14 2016 18:30:59 GMT+0800 (CST),
    updateTime: Sun Aug 14 2016 18:32:23 GMT+0800 (CST),
    statue: 1,
    company_id: 50 },
  { deliveryTemplateId: 142,
    deliveryTemplateName: '江浙沪',
    frequence: 2,
    isShippingFree: 0,
    delivery_charge: 8000,
    first_cases: 1,
    step: 1,
    extra_charge: 0,
    addTime: Tue Aug 23 2016 09:03:07 GMT+0800 (CST),
    updateTime: Tue Aug 23 2016 09:03:07 GMT+0800 (CST),
    statue: 1,
    company_id: 50 } ]
[2016-09-14 15:58:43.585] [INFO] normal - { result: 
   [ { company_goods_status_id: 1, company_goods_status_name: '待审核' },
     { company_goods_status_id: 2, company_goods_status_name: '已上架' },
     { company_goods_status_id: 3,
       company_goods_status_name: '商家下架' },
     { company_goods_status_id: 5,
       company_goods_status_name: '强制下架' },
     { company_goods_status_id: 6,
       company_goods_status_name: '自动下架' },
     { company_goods_status_id: 8,
       company_goods_status_name: '审核不通过' },
     { company_goods_status_id: 9,
       company_goods_status_name: '等待上架' },
     { company_goods_status_id: 10, company_goods_status_name: '暂存' },
     { company_goods_status_id: 11,
       company_goods_status_name: '买一送一' },
     { company_goods_status_id: 12, company_goods_status_name: '打折' },
     { company_goods_status_id: 13, company_goods_status_name: '促销' } ] }
[2016-09-14 15:58:43.586] [INFO] normal - { array: 
   [ { company_goods_activity_icon: null,
       company_goods_id: 366,
       company_goods_send: 1,
       company_goods_fresh: 1,
       auditResult: 'pass',
       company_goods_name: '江山徐香猕猴桃',
       company_goods_icon: 'icons/16-06-22/0482f453b55df74e940a4548b2a65b74.jpg',
       company_goods_place: '浙江衢州江山',
       company_goods_status_name: '已上架',
       company_goods_status_id: 2,
       company_goods_audit: 0,
       company_goods_self_activity: 0,
       billing_type: 0,
       skuArr: [Object] } ],
  counts: 1 }
[2016-09-14 15:58:51.200] [INFO] normal - { company_orders_status_id: 0,
  page: 1,
  size: 10,
  company_id: '50' }
[2016-09-14 15:58:51.204] [INFO] normal - { result: 
   [ { company_orders_id: 614,
       company_orders_send_date: '等待送货',
       express_no: null,
       order_no: '160913000000020',
       company_orders_status_id: 1,
       deliver_charges: null,
       site_name: '',
       deliver_address: '江苏扬州宝应县安宜北路香格里拉花园3号楼',
       receiver_name: '史曼丽',
       deliver_phone: '18012321011',
       deadline_time: '2016-09-14 21:00:00',
       city_name: null,
       fresh: 1,
       goods: [Object] } ],
  counts: 1 }
[2016-09-14 15:58:51.213] [INFO] normal - [ { company_orders_status_id: 1,
    company_orders_status_name: '待发货' },
  { company_orders_status_id: 2,
    company_orders_status_name: '送货中' },
  { company_orders_status_id: 3,
    company_orders_status_name: '已入库' } ]
[2016-12-24 22:10:19.766] [INFO] normal - [ RowDataPacket {
    store_id: 24,
    store_name: '米姐农产品-谷邻缘',
    store_logo: 'icons/16-06-22/f962befd30e7ec55985ff26a0ef91764.png',
    store_detail_img: 'detailImg/16-06-22/c5421601cf5ed06721b361e88498fc7a.png;detailImg/16-06-22/9461e4e1cd9d33523a5096b592267031.png;detailImg/16-06-22/85962df2a709c4e4bff2f7df6e7f73b8.png;detailImg/16-06-22/011f5795eff5c7d6990d27cb655d8268.png;detailImg/16-06-22/83798444cc652c90bd6dd709c0beefe5.png;',
    statue: 1,
    store_detail_describtion: null,
    store_quality_grade: 0,
    company_id: 16,
    store_service_grade: 0,
    store_deliver_grade: 0,
    store_describtion: '自主品牌“谷邻缘-Green”，旨在提供绿色，原生态农家粮、油、米、面等放心农产品，让您感受“小时候的味道”。\n\n五谷养生，既能满足家庭营养日常所需，又是亲朋好友之馈赠佳品。',
    create_time: Sun Jun 26 2016 23:33:47 GMT+0800 (中国标准时间),
    audit_statue: 1 } ]
[2016-12-24 22:10:23.886] [INFO] normal - { company_orders_status_id: 0,
  page: 1,
  size: 10,
  company_id: '16' }
[2016-12-24 22:10:27.064] [INFO] normal - [ RowDataPacket {
    company_orders_status_id: 1,
    company_orders_status_name: '待发货' },
  RowDataPacket {
    company_orders_status_id: 2,
    company_orders_status_name: '送货中' },
  RowDataPacket {
    company_orders_status_id: 3,
    company_orders_status_name: '已入库' } ]
[2016-12-24 22:10:28.156] [INFO] normal - { result: 
   [ RowDataPacket {
       company_orders_id: 587,
       company_orders_send_date: '2016-07-31 10:27:40',
       express_no: null,
       order_no: 'A16073100361',
       company_orders_status_id: 3,
       deliver_charges: null,
       site_name: '湖东配送站',
       deliver_address: '苏州市工业园区方洲路新街口商业街奥特莱斯地下商城天天有农',
       receiver_name: '陈东',
       deliver_phone: '18361131880',
       deadline_time: '2016-07-31 10:00:00',
       city_name: '苏州',
       fresh: 0,
       goods: [Object] },
     RowDataPacket {
       company_orders_id: 586,
       company_orders_send_date: '2016-07-30 18:13:24',
       express_no: null,
       order_no: 'A16073000364',
       company_orders_status_id: 3,
       deliver_charges: null,
       site_name: '湖东配送站',
       deliver_address: '苏州市工业园区方洲路新街口商业街奥特莱斯地下商城天天有农',
       receiver_name: '陈东',
       deliver_phone: '18361131880',
       deadline_time: '2016-07-30 18:00:00',
       city_name: '苏州',
       fresh: 0,
       goods: [Object] },
     RowDataPacket {
       company_orders_id: 585,
       company_orders_send_date: '2016-07-30 18:11:36',
       express_no: null,
       order_no: 'A16073000363',
       company_orders_status_id: 3,
       deliver_charges: null,
       site_name: '湖东配送站',
       deliver_address: '苏州市工业园区方洲路新街口商业街奥特莱斯地下商城天天有农',
       receiver_name: '陈东',
       deliver_phone: '18361131880',
       deadline_time: '2016-07-30 18:00:00',
       city_name: '苏州',
       fresh: 0,
       goods: [Object] },
     RowDataPacket {
       company_orders_id: 584,
       company_orders_send_date: '2016-07-30 10:41:55',
       express_no: null,
       order_no: 'A16073000362',
       company_orders_status_id: 3,
       deliver_charges: null,
       site_name: '湖东配送站',
       deliver_address: '苏州市工业园区方洲路新街口商业街奥特莱斯地下商城天天有农',
       receiver_name: '陈东',
       deliver_phone: '18361131880',
       deadline_time: '2016-07-30 10:00:00',
       city_name: '苏州',
       fresh: 0,
       goods: [Object] },
     RowDataPacket {
       company_orders_id: 583,
       company_orders_send_date: '2016-07-30 10:41:28',
       express_no: null,
       order_no: 'A16073000361',
       company_orders_status_id: 3,
       deliver_charges: null,
       site_name: '湖东配送站',
       deliver_address: '苏州市工业园区方洲路新街口商业街奥特莱斯地下商城天天有农',
       receiver_name: '陈东',
       deliver_phone: '18361131880',
       deadline_time: '2016-07-30 10:00:00',
       city_name: '苏州',
       fresh: 0,
       goods: [Object] },
     RowDataPacket {
       company_orders_id: 582,
       company_orders_send_date: '2016-07-28 09:54:48',
       express_no: null,
       order_no: 'A16072800361',
       company_orders_status_id: 3,
       deliver_charges: null,
       site_name: '湖东配送站',
       deliver_address: '苏州市工业园区方洲路新街口商业街奥特莱斯地下商城天天有农',
       receiver_name: '陈东',
       deliver_phone: '18361131880',
       deadline_time: '2016-07-28 09:00:00',
       city_name: '苏州',
       fresh: 0,
       goods: [Object] },
     RowDataPacket {
       company_orders_id: 574,
       company_orders_send_date: '2016-07-22 10:09:32',
       express_no: null,
       order_no: 'A16072200361',
       company_orders_status_id: 3,
       deliver_charges: null,
       site_name: '湖东配送站',
       deliver_address: '苏州市工业园区方洲路新街口商业街奥特莱斯地下商城天天有农',
       receiver_name: '陈东',
       deliver_phone: '18361131880',
       deadline_time: '2016-07-22 10:00:00',
       city_name: '苏州',
       fresh: 0,
       goods: [Object] },
     RowDataPacket {
       company_orders_id: 555,
       company_orders_send_date: '2016-07-17 13:08:37',
       express_no: null,
       order_no: 'A16071700364',
       company_orders_status_id: 3,
       deliver_charges: null,
       site_name: '湖东配送站',
       deliver_address: '苏州市工业园区方洲路新街口商业街奥特莱斯地下商城天天有农',
       receiver_name: '陈东',
       deliver_phone: '18361131880',
       deadline_time: '2016-07-17 13:00:00',
       city_name: '苏州',
       fresh: 0,
       goods: [Object] },
     RowDataPacket {
       company_orders_id: 554,
       company_orders_send_date: '2016-07-17 13:07:00',
       express_no: null,
       order_no: 'A16071700363',
       company_orders_status_id: 3,
       deliver_charges: null,
       site_name: '湖东配送站',
       deliver_address: '苏州市工业园区方洲路新街口商业街奥特莱斯地下商城天天有农',
       receiver_name: '陈东',
       deliver_phone: '18361131880',
       deadline_time: '2016-07-17 13:00:00',
       city_name: '苏州',
       fresh: 0,
       goods: [Object] },
     RowDataPacket {
       company_orders_id: 553,
       company_orders_send_date: '2016-07-17 13:04:35',
       express_no: null,
       order_no: 'A16071700362',
       company_orders_status_id: 3,
       deliver_charges: null,
       site_name: '湖东配送站',
       deliver_address: '苏州市工业园区方洲路新街口商业街奥特莱斯地下商城天天有农',
       receiver_name: '陈东',
       deliver_phone: '18361131880',
       deadline_time: '2016-07-17 13:00:00',
       city_name: '苏州',
       fresh: 0,
       goods: [Object] } ],
  counts: 51 }
[2016-12-24 22:10:31.274] [INFO] normal - { company_goods_status_id: 2,
  page: 1,
  size: 10,
  sales_promotion: 0,
  isPromotionModule: true,
  type: '0',
  audit: 0,
  company_id: '16' }
[2016-12-24 22:10:31.301] [INFO] normal - { result: 
   [ RowDataPacket {
       activity_id: 14,
       activity_name: '水产海鲜',
       activity_start_time: Fri Jul 15 2016 00:00:00 GMT+0800 (中国标准时间),
       activity_end_time: Mon Aug 15 2016 00:00:00 GMT+0800 (中国标准时间),
       activity_describe: '水产海鲜等产品',
       activity_type: 0 },
     RowDataPacket {
       activity_id: 15,
       activity_name: '五谷杂粮',
       activity_start_time: Fri Jul 15 2016 00:00:00 GMT+0800 (中国标准时间),
       activity_end_time: Tue Jan 31 2017 00:00:00 GMT+0800 (中国标准时间),
       activity_describe: '五谷杂粮',
       activity_type: 0 },
     RowDataPacket {
       activity_id: 12,
       activity_name: '每日特惠',
       activity_start_time: Wed Jun 22 2016 00:00:00 GMT+0800 (中国标准时间),
       activity_end_time: Sat Dec 31 2016 00:00:00 GMT+0800 (中国标准时间),
       activity_describe: '有农商城推出“每日特惠”活动，甄选优质商品，每天折扣不停。欢迎众供应商报名。',
       activity_type: 0 },
     RowDataPacket {
       activity_id: 8,
       activity_name: '朗诗国际文化节',
       activity_start_time: Fri Jun 10 2016 00:00:00 GMT+0800 (中国标准时间),
       activity_end_time: Sat Jun 11 2016 00:00:00 GMT+0800 (中国标准时间),
       activity_describe: '本周末将同时在两个社区举行现场活动，分别为朗诗国际和海悦六区社区，希望广大供应商踊跃报名参与，可同时参加也可二选其一：\n1.活动时间为本周周六、周日（6月11号和12号，早上9:00~ 18:00）进行，如遇到雨天，则根据主办方要求确定是否继续延期。\n2.报名要求：\n（1）、缴纳100元活动押金，便于现场人员管理，活动结束后归还；\n（2）、参加的产品不限；\n（3）、报名供应商须准备50份左右的赠品，用于现场派送活跃气氛；\n（4）、能赞助比赛奖品或比赛用品。',
       activity_type: 0 },
     RowDataPacket {
       activity_id: 9,
       activity_name: '太极拳联盟',
       activity_start_time: Wed Jun 08 2016 00:00:00 GMT+0800 (中国标准时间),
       activity_end_time: Wed Jun 08 2016 00:00:00 GMT+0800 (中国标准时间),
       activity_describe: '湖东太极拳联盟陆续在湖东各小区进行活动，下一站将在东湖林语举办，希望有兴趣的商家积极参加。',
       activity_type: 0 },
     RowDataPacket {
       activity_id: 7,
       activity_name: '朗诗国际文化节',
       activity_start_time: Sat Jun 04 2016 00:00:00 GMT+0800 (中国标准时间),
       activity_end_time: Sun Jun 05 2016 00:00:00 GMT+0800 (中国标准时间),
       activity_describe: '如下两个活动希望广大供应商踊跃报名参与，可同时参加也可二选其一：\n1.《朗诗国际文化节》上周因大雨顺延至本周周六周末（6/4-6/5  9:00~ 18:00）进行。\n2. 因端午节即将来临，届时还将在朗诗同一地点举办以业主家庭为单位的包粽子比赛。报名要求：\n（1）、缴纳100元活动押金，便于现场人员管理，活动结束后归还；\n（2）、端午活动：活动产品最好能跟端午挂上钩，尽量能贴近端午这个主题；朗诗国际文化节：产品不限。\n（3）、报名供应商须准备50份左右的赠品，用于现场派送活跃气氛；\n（4）、能赞助比赛奖品或比赛用品。',
       activity_type: 0 },
     RowDataPacket {
       activity_id: 6,
       activity_name: '水果狂欢节',
       activity_start_time: Thu May 26 2016 00:00:00 GMT+0800 (中国标准时间),
       activity_end_time: Mon May 30 2016 00:00:00 GMT+0800 (中国标准时间),
       activity_describe: '9月25日，第十三届中国吴江美食节，2015年东太湖旅游文化节暨太湖新城房展会在苏州湾华丽启幕，本周末，我司将在体验店和美食节主场地之一的朗诗国际文化节同时举办水果狂欢节，届时也有许多其他产品同时做推广，欢迎广大供应商踊跃报名。报名条件如下：\n1、供应商提',
       activity_type: 0 },
     RowDataPacket {
       activity_id: 5,
       activity_name: '有农营销',
       activity_start_time: Thu May 19 2016 00:00:00 GMT+0800 (中国标准时间),
       activity_end_time: Tue May 31 2016 00:00:00 GMT+0800 (中国标准时间),
       activity_describe: '推广平台',
       activity_type: 0 } ] }
[2016-12-24 22:10:31.502] [INFO] normal - { array: 
   [ RowDataPacket {
       company_goods_activity_icon: null,
       company_goods_id: 256,
       company_goods_send: 0,
       company_goods_fresh: 0,
       auditResult: '通过',
       company_goods_name: '乌发养发粉',
       company_goods_icon: 'icons/16-06-22/a9fa9401199c4350e84bbe1dd0d03b3c.jpg',
       company_goods_place: '苏州',
       add_date: Sat Jun 18 2016 14:39:04 GMT+0800 (中国标准时间),
       company_goods_status_name: '已上架',
       company_goods_status_id: 2,
       company_goods_audit: 0,
       company_goods_self_activity: 0,
       billing_type: 0,
       skuArr: [Object] },
     RowDataPacket {
       company_goods_activity_icon: null,
       company_goods_id: 253,
       company_goods_send: 0,
       company_goods_fresh: 0,
       auditResult: 'PASS',
       company_goods_name: '安神助眠粉',
       company_goods_icon: 'icons/16-06-22/77eebe9cc0d409cc452d28a1b5054a1f.jpg',
       company_goods_place: '苏州',
       add_date: Sat Jun 18 2016 13:26:41 GMT+0800 (中国标准时间),
       company_goods_status_name: '已上架',
       company_goods_status_id: 2,
       company_goods_audit: 0,
       company_goods_self_activity: 0,
       billing_type: 0,
       skuArr: [Object] },
     RowDataPacket {
       company_goods_activity_icon: null,
       company_goods_id: 252,
       company_goods_send: 0,
       company_goods_fresh: 0,
       auditResult: 'PASS',
       company_goods_name: '儿童益智粉',
       company_goods_icon: 'icons/16-06-22/ce57aa940dd8185cc344d7afd923a65b.jpg',
       company_goods_place: '苏州',
       add_date: Sat Jun 18 2016 13:15:41 GMT+0800 (中国标准时间),
       company_goods_status_name: '已上架',
       company_goods_status_id: 2,
       company_goods_audit: 0,
       company_goods_self_activity: 0,
       billing_type: 0,
       skuArr: [Object] },
     RowDataPacket {
       company_goods_activity_icon: null,
       company_goods_id: 251,
       company_goods_send: 0,
       company_goods_fresh: 0,
       auditResult: 'PASS',
       company_goods_name: '男士保健粉',
       company_goods_icon: 'icons/16-06-22/2b8dc0c30cb5c7f6656c438de30a9a2d.jpg',
       company_goods_place: '苏州',
       add_date: Sat Jun 18 2016 13:06:41 GMT+0800 (中国标准时间),
       company_goods_status_name: '已上架',
       company_goods_status_id: 2,
       company_goods_audit: 0,
       company_goods_self_activity: 0,
       billing_type: 0,
       skuArr: [Object] },
     RowDataPacket {
       company_goods_activity_icon: null,
       company_goods_id: 250,
       company_goods_send: 0,
       company_goods_fresh: 0,
       auditResult: 'PASS',
       company_goods_name: '补气养血粉',
       company_goods_icon: 'icons/16-06-22/f1c34da0bb6f06abcbe27f8321f5ace9.jpg',
       company_goods_place: '苏州',
       add_date: Sat Jun 18 2016 12:53:55 GMT+0800 (中国标准时间),
       company_goods_status_name: '已上架',
       company_goods_status_id: 2,
       company_goods_audit: 0,
       company_goods_self_activity: 0,
       billing_type: 0,
       skuArr: [Object] },
     RowDataPacket {
       company_goods_activity_icon: null,
       company_goods_id: 249,
       company_goods_send: 0,
       company_goods_fresh: 0,
       auditResult: 'PASS',
       company_goods_name: '温经止痛粉',
       company_goods_icon: 'icons/16-06-22/6aaeec159d0881e4f7fc17b961e0fa1f.jpg',
       company_goods_place: '苏州',
       add_date: Sat Jun 18 2016 12:45:40 GMT+0800 (中国标准时间),
       company_goods_status_name: '已上架',
       company_goods_status_id: 2,
       company_goods_audit: 0,
       company_goods_self_activity: 0,
       billing_type: 0,
       skuArr: [Object] },
     RowDataPacket {
       company_goods_activity_icon: null,
       company_goods_id: 248,
       company_goods_send: 0,
       company_goods_fresh: 0,
       auditResult: 'PASS',
       company_goods_name: '美容养颜粉',
       company_goods_icon: 'icons/16-06-22/c65d4781965db89c2b89926df1f6e8e9.jpg',
       company_goods_place: '苏州',
       add_date: Sat Jun 18 2016 12:37:15 GMT+0800 (中国标准时间),
       company_goods_status_name: '已上架',
       company_goods_status_id: 2,
       company_goods_audit: 0,
       company_goods_self_activity: 0,
       billing_type: 0,
       skuArr: [Object] },
     RowDataPacket {
       company_goods_activity_icon: null,
       company_goods_id: 247,
       company_goods_send: 0,
       company_goods_fresh: 0,
       auditResult: 'PASS',
       company_goods_name: '美体瘦身粉',
       company_goods_icon: 'icons/16-06-22/7d68c2a4db1226e887576288cf0941a3.jpg',
       company_goods_place: '苏州',
       add_date: Sat Jun 18 2016 12:29:26 GMT+0800 (中国标准时间),
       company_goods_status_name: '已上架',
       company_goods_status_id: 2,
       company_goods_audit: 0,
       company_goods_self_activity: 0,
       billing_type: 0,
       skuArr: [Object] },
     RowDataPacket {
       company_goods_activity_icon: null,
       company_goods_id: 246,
       company_goods_send: 0,
       company_goods_fresh: 0,
       auditResult: 'PASS',
       company_goods_name: '美白祛斑粉',
       company_goods_icon: 'icons/16-06-22/9c8e0460c3009eaceb2ef4d31e0de19c.jpg',
       company_goods_place: '苏州',
       add_date: Sat Jun 18 2016 12:21:35 GMT+0800 (中国标准时间),
       company_goods_status_name: '已上架',
       company_goods_status_id: 2,
       company_goods_audit: 0,
       company_goods_self_activity: 0,
       billing_type: 0,
       skuArr: [Object] },
     RowDataPacket {
       company_goods_activity_icon: null,
       company_goods_id: 245,
       company_goods_send: 0,
       company_goods_fresh: 0,
       auditResult: 'PASS',
       company_goods_name: '孕妇安胎粉',
       company_goods_icon: 'icons/16-06-22/8000933e5f4d3f5959b1b7b5de1f8e7d.jpg',
       company_goods_place: '苏州',
       add_date: Sat Jun 18 2016 12:11:17 GMT+0800 (中国标准时间),
       company_goods_status_name: '已上架',
       company_goods_status_id: 2,
       company_goods_audit: 0,
       company_goods_self_activity: 0,
       billing_type: 0,
       skuArr: [Object] } ],
  counts: 47 }
[2016-12-24 22:10:34.625] [INFO] normal - { company_orders_status_id: 0,
  page: 1,
  size: 10,
  company_id: '16' }
[2016-12-24 22:10:35.832] [INFO] normal - [ RowDataPacket {
    company_orders_status_id: 1,
    company_orders_status_name: '待发货' },
  RowDataPacket {
    company_orders_status_id: 2,
    company_orders_status_name: '送货中' },
  RowDataPacket {
    company_orders_status_id: 3,
    company_orders_status_name: '已入库' } ]
[2016-12-24 22:10:36.228] [INFO] normal - { result: 
   [ RowDataPacket {
       company_orders_id: 587,
       company_orders_send_date: '2016-07-31 10:27:40',
       express_no: null,
       order_no: 'A16073100361',
       company_orders_status_id: 3,
       deliver_charges: null,
       site_name: '湖东配送站',
       deliver_address: '苏州市工业园区方洲路新街口商业街奥特莱斯地下商城天天有农',
       receiver_name: '陈东',
       deliver_phone: '18361131880',
       deadline_time: '2016-07-31 10:00:00',
       city_name: '苏州',
       fresh: 0,
       goods: [Object] },
     RowDataPacket {
       company_orders_id: 586,
       company_orders_send_date: '2016-07-30 18:13:24',
       express_no: null,
       order_no: 'A16073000364',
       company_orders_status_id: 3,
       deliver_charges: null,
       site_name: '湖东配送站',
       deliver_address: '苏州市工业园区方洲路新街口商业街奥特莱斯地下商城天天有农',
       receiver_name: '陈东',
       deliver_phone: '18361131880',
       deadline_time: '2016-07-30 18:00:00',
       city_name: '苏州',
       fresh: 0,
       goods: [Object] },
     RowDataPacket {
       company_orders_id: 585,
       company_orders_send_date: '2016-07-30 18:11:36',
       express_no: null,
       order_no: 'A16073000363',
       company_orders_status_id: 3,
       deliver_charges: null,
       site_name: '湖东配送站',
       deliver_address: '苏州市工业园区方洲路新街口商业街奥特莱斯地下商城天天有农',
       receiver_name: '陈东',
       deliver_phone: '18361131880',
       deadline_time: '2016-07-30 18:00:00',
       city_name: '苏州',
       fresh: 0,
       goods: [Object] },
     RowDataPacket {
       company_orders_id: 584,
       company_orders_send_date: '2016-07-30 10:41:55',
       express_no: null,
       order_no: 'A16073000362',
       company_orders_status_id: 3,
       deliver_charges: null,
       site_name: '湖东配送站',
       deliver_address: '苏州市工业园区方洲路新街口商业街奥特莱斯地下商城天天有农',
       receiver_name: '陈东',
       deliver_phone: '18361131880',
       deadline_time: '2016-07-30 10:00:00',
       city_name: '苏州',
       fresh: 0,
       goods: [Object] },
     RowDataPacket {
       company_orders_id: 583,
       company_orders_send_date: '2016-07-30 10:41:28',
       express_no: null,
       order_no: 'A16073000361',
       company_orders_status_id: 3,
       deliver_charges: null,
       site_name: '湖东配送站',
       deliver_address: '苏州市工业园区方洲路新街口商业街奥特莱斯地下商城天天有农',
       receiver_name: '陈东',
       deliver_phone: '18361131880',
       deadline_time: '2016-07-30 10:00:00',
       city_name: '苏州',
       fresh: 0,
       goods: [Object] },
     RowDataPacket {
       company_orders_id: 582,
       company_orders_send_date: '2016-07-28 09:54:48',
       express_no: null,
       order_no: 'A16072800361',
       company_orders_status_id: 3,
       deliver_charges: null,
       site_name: '湖东配送站',
       deliver_address: '苏州市工业园区方洲路新街口商业街奥特莱斯地下商城天天有农',
       receiver_name: '陈东',
       deliver_phone: '18361131880',
       deadline_time: '2016-07-28 09:00:00',
       city_name: '苏州',
       fresh: 0,
       goods: [Object] },
     RowDataPacket {
       company_orders_id: 574,
       company_orders_send_date: '2016-07-22 10:09:32',
       express_no: null,
       order_no: 'A16072200361',
       company_orders_status_id: 3,
       deliver_charges: null,
       site_name: '湖东配送站',
       deliver_address: '苏州市工业园区方洲路新街口商业街奥特莱斯地下商城天天有农',
       receiver_name: '陈东',
       deliver_phone: '18361131880',
       deadline_time: '2016-07-22 10:00:00',
       city_name: '苏州',
       fresh: 0,
       goods: [Object] },
     RowDataPacket {
       company_orders_id: 555,
       company_orders_send_date: '2016-07-17 13:08:37',
       express_no: null,
       order_no: 'A16071700364',
       company_orders_status_id: 3,
       deliver_charges: null,
       site_name: '湖东配送站',
       deliver_address: '苏州市工业园区方洲路新街口商业街奥特莱斯地下商城天天有农',
       receiver_name: '陈东',
       deliver_phone: '18361131880',
       deadline_time: '2016-07-17 13:00:00',
       city_name: '苏州',
       fresh: 0,
       goods: [Object] },
     RowDataPacket {
       company_orders_id: 554,
       company_orders_send_date: '2016-07-17 13:07:00',
       express_no: null,
       order_no: 'A16071700363',
       company_orders_status_id: 3,
       deliver_charges: null,
       site_name: '湖东配送站',
       deliver_address: '苏州市工业园区方洲路新街口商业街奥特莱斯地下商城天天有农',
       receiver_name: '陈东',
       deliver_phone: '18361131880',
       deadline_time: '2016-07-17 13:00:00',
       city_name: '苏州',
       fresh: 0,
       goods: [Object] },
     RowDataPacket {
       company_orders_id: 553,
       company_orders_send_date: '2016-07-17 13:04:35',
       express_no: null,
       order_no: 'A16071700362',
       company_orders_status_id: 3,
       deliver_charges: null,
       site_name: '湖东配送站',
       deliver_address: '苏州市工业园区方洲路新街口商业街奥特莱斯地下商城天天有农',
       receiver_name: '陈东',
       deliver_phone: '18361131880',
       deadline_time: '2016-07-17 13:00:00',
       city_name: '苏州',
       fresh: 0,
       goods: [Object] } ],
  counts: 51 }
[2016-12-24 22:39:05.956] [INFO] normal - { company_orders_status_id: 0,
  page: 1,
  size: 10,
  company_id: '16' }
[2016-12-24 22:39:10.089] [INFO] normal - [ RowDataPacket {
    company_orders_status_id: 1,
    company_orders_status_name: '待发货' },
  RowDataPacket {
    company_orders_status_id: 2,
    company_orders_status_name: '送货中' },
  RowDataPacket {
    company_orders_status_id: 3,
    company_orders_status_name: '已入库' } ]
[2016-12-24 22:39:14.289] [INFO] normal - { result: 
   [ RowDataPacket {
       company_orders_id: 587,
       company_orders_send_date: '2016-07-31 10:27:40',
       express_no: null,
       order_no: 'A16073100361',
       company_orders_status_id: 3,
       deliver_charges: null,
       site_name: '湖东配送站',
       deliver_address: '苏州市工业园区方洲路新街口商业街奥特莱斯地下商城天天有农',
       receiver_name: '陈东',
       deliver_phone: '18361131880',
       deadline_time: '2016-07-31 10:00:00',
       city_name: '苏州',
       fresh: 0,
       goods: [Object] },
     RowDataPacket {
       company_orders_id: 586,
       company_orders_send_date: '2016-07-30 18:13:24',
       express_no: null,
       order_no: 'A16073000364',
       company_orders_status_id: 3,
       deliver_charges: null,
       site_name: '湖东配送站',
       deliver_address: '苏州市工业园区方洲路新街口商业街奥特莱斯地下商城天天有农',
       receiver_name: '陈东',
       deliver_phone: '18361131880',
       deadline_time: '2016-07-30 18:00:00',
       city_name: '苏州',
       fresh: 0,
       goods: [Object] },
     RowDataPacket {
       company_orders_id: 585,
       company_orders_send_date: '2016-07-30 18:11:36',
       express_no: null,
       order_no: 'A16073000363',
       company_orders_status_id: 3,
       deliver_charges: null,
       site_name: '湖东配送站',
       deliver_address: '苏州市工业园区方洲路新街口商业街奥特莱斯地下商城天天有农',
       receiver_name: '陈东',
       deliver_phone: '18361131880',
       deadline_time: '2016-07-30 18:00:00',
       city_name: '苏州',
       fresh: 0,
       goods: [Object] },
     RowDataPacket {
       company_orders_id: 584,
       company_orders_send_date: '2016-07-30 10:41:55',
       express_no: null,
       order_no: 'A16073000362',
       company_orders_status_id: 3,
       deliver_charges: null,
       site_name: '湖东配送站',
       deliver_address: '苏州市工业园区方洲路新街口商业街奥特莱斯地下商城天天有农',
       receiver_name: '陈东',
       deliver_phone: '18361131880',
       deadline_time: '2016-07-30 10:00:00',
       city_name: '苏州',
       fresh: 0,
       goods: [Object] },
     RowDataPacket {
       company_orders_id: 583,
       company_orders_send_date: '2016-07-30 10:41:28',
       express_no: null,
       order_no: 'A16073000361',
       company_orders_status_id: 3,
       deliver_charges: null,
       site_name: '湖东配送站',
       deliver_address: '苏州市工业园区方洲路新街口商业街奥特莱斯地下商城天天有农',
       receiver_name: '陈东',
       deliver_phone: '18361131880',
       deadline_time: '2016-07-30 10:00:00',
       city_name: '苏州',
       fresh: 0,
       goods: [Object] },
     RowDataPacket {
       company_orders_id: 582,
       company_orders_send_date: '2016-07-28 09:54:48',
       express_no: null,
       order_no: 'A16072800361',
       company_orders_status_id: 3,
       deliver_charges: null,
       site_name: '湖东配送站',
       deliver_address: '苏州市工业园区方洲路新街口商业街奥特莱斯地下商城天天有农',
       receiver_name: '陈东',
       deliver_phone: '18361131880',
       deadline_time: '2016-07-28 09:00:00',
       city_name: '苏州',
       fresh: 0,
       goods: [Object] },
     RowDataPacket {
       company_orders_id: 574,
       company_orders_send_date: '2016-07-22 10:09:32',
       express_no: null,
       order_no: 'A16072200361',
       company_orders_status_id: 3,
       deliver_charges: null,
       site_name: '湖东配送站',
       deliver_address: '苏州市工业园区方洲路新街口商业街奥特莱斯地下商城天天有农',
       receiver_name: '陈东',
       deliver_phone: '18361131880',
       deadline_time: '2016-07-22 10:00:00',
       city_name: '苏州',
       fresh: 0,
       goods: [Object] },
     RowDataPacket {
       company_orders_id: 555,
       company_orders_send_date: '2016-07-17 13:08:37',
       express_no: null,
       order_no: 'A16071700364',
       company_orders_status_id: 3,
       deliver_charges: null,
       site_name: '湖东配送站',
       deliver_address: '苏州市工业园区方洲路新街口商业街奥特莱斯地下商城天天有农',
       receiver_name: '陈东',
       deliver_phone: '18361131880',
       deadline_time: '2016-07-17 13:00:00',
       city_name: '苏州',
       fresh: 0,
       goods: [Object] },
     RowDataPacket {
       company_orders_id: 554,
       company_orders_send_date: '2016-07-17 13:07:00',
       express_no: null,
       order_no: 'A16071700363',
       company_orders_status_id: 3,
       deliver_charges: null,
       site_name: '湖东配送站',
       deliver_address: '苏州市工业园区方洲路新街口商业街奥特莱斯地下商城天天有农',
       receiver_name: '陈东',
       deliver_phone: '18361131880',
       deadline_time: '2016-07-17 13:00:00',
       city_name: '苏州',
       fresh: 0,
       goods: [Object] },
     RowDataPacket {
       company_orders_id: 553,
       company_orders_send_date: '2016-07-17 13:04:35',
       express_no: null,
       order_no: 'A16071700362',
       company_orders_status_id: 3,
       deliver_charges: null,
       site_name: '湖东配送站',
       deliver_address: '苏州市工业园区方洲路新街口商业街奥特莱斯地下商城天天有农',
       receiver_name: '陈东',
       deliver_phone: '18361131880',
       deadline_time: '2016-07-17 13:00:00',
       city_name: '苏州',
       fresh: 0,
       goods: [Object] } ],
  counts: 51 }
[2016-12-24 22:39:19.648] [INFO] normal - { company_orders_status_id: 0,
  page: 1,
  size: 10,
  company_id: '16',
  dateStart: '',
  dateEnd: '',
  company_orders_type: 1 }
[2016-12-24 22:39:19.769] [INFO] normal - { result: 
   [ RowDataPacket {
       company_orders_id: 587,
       company_orders_send_date: '2016-07-31 10:27:40',
       express_no: null,
       order_no: 'A16073100361',
       company_orders_status_id: 3,
       deliver_charges: null,
       site_name: '湖东配送站',
       deliver_address: '苏州市工业园区方洲路新街口商业街奥特莱斯地下商城天天有农',
       receiver_name: '陈东',
       deliver_phone: '18361131880',
       deadline_time: '2016-07-31 10:00:00',
       city_name: '苏州',
       fresh: 0,
       goods: [Object] },
     RowDataPacket {
       company_orders_id: 586,
       company_orders_send_date: '2016-07-30 18:13:24',
       express_no: null,
       order_no: 'A16073000364',
       company_orders_status_id: 3,
       deliver_charges: null,
       site_name: '湖东配送站',
       deliver_address: '苏州市工业园区方洲路新街口商业街奥特莱斯地下商城天天有农',
       receiver_name: '陈东',
       deliver_phone: '18361131880',
       deadline_time: '2016-07-30 18:00:00',
       city_name: '苏州',
       fresh: 0,
       goods: [Object] },
     RowDataPacket {
       company_orders_id: 585,
       company_orders_send_date: '2016-07-30 18:11:36',
       express_no: null,
       order_no: 'A16073000363',
       company_orders_status_id: 3,
       deliver_charges: null,
       site_name: '湖东配送站',
       deliver_address: '苏州市工业园区方洲路新街口商业街奥特莱斯地下商城天天有农',
       receiver_name: '陈东',
       deliver_phone: '18361131880',
       deadline_time: '2016-07-30 18:00:00',
       city_name: '苏州',
       fresh: 0,
       goods: [Object] },
     RowDataPacket {
       company_orders_id: 584,
       company_orders_send_date: '2016-07-30 10:41:55',
       express_no: null,
       order_no: 'A16073000362',
       company_orders_status_id: 3,
       deliver_charges: null,
       site_name: '湖东配送站',
       deliver_address: '苏州市工业园区方洲路新街口商业街奥特莱斯地下商城天天有农',
       receiver_name: '陈东',
       deliver_phone: '18361131880',
       deadline_time: '2016-07-30 10:00:00',
       city_name: '苏州',
       fresh: 0,
       goods: [Object] },
     RowDataPacket {
       company_orders_id: 583,
       company_orders_send_date: '2016-07-30 10:41:28',
       express_no: null,
       order_no: 'A16073000361',
       company_orders_status_id: 3,
       deliver_charges: null,
       site_name: '湖东配送站',
       deliver_address: '苏州市工业园区方洲路新街口商业街奥特莱斯地下商城天天有农',
       receiver_name: '陈东',
       deliver_phone: '18361131880',
       deadline_time: '2016-07-30 10:00:00',
       city_name: '苏州',
       fresh: 0,
       goods: [Object] },
     RowDataPacket {
       company_orders_id: 582,
       company_orders_send_date: '2016-07-28 09:54:48',
       express_no: null,
       order_no: 'A16072800361',
       company_orders_status_id: 3,
       deliver_charges: null,
       site_name: '湖东配送站',
       deliver_address: '苏州市工业园区方洲路新街口商业街奥特莱斯地下商城天天有农',
       receiver_name: '陈东',
       deliver_phone: '18361131880',
       deadline_time: '2016-07-28 09:00:00',
       city_name: '苏州',
       fresh: 0,
       goods: [Object] },
     RowDataPacket {
       company_orders_id: 574,
       company_orders_send_date: '2016-07-22 10:09:32',
       express_no: null,
       order_no: 'A16072200361',
       company_orders_status_id: 3,
       deliver_charges: null,
       site_name: '湖东配送站',
       deliver_address: '苏州市工业园区方洲路新街口商业街奥特莱斯地下商城天天有农',
       receiver_name: '陈东',
       deliver_phone: '18361131880',
       deadline_time: '2016-07-22 10:00:00',
       city_name: '苏州',
       fresh: 0,
       goods: [Object] },
     RowDataPacket {
       company_orders_id: 555,
       company_orders_send_date: '2016-07-17 13:08:37',
       express_no: null,
       order_no: 'A16071700364',
       company_orders_status_id: 3,
       deliver_charges: null,
       site_name: '湖东配送站',
       deliver_address: '苏州市工业园区方洲路新街口商业街奥特莱斯地下商城天天有农',
       receiver_name: '陈东',
       deliver_phone: '18361131880',
       deadline_time: '2016-07-17 13:00:00',
       city_name: '苏州',
       fresh: 0,
       goods: [Object] },
     RowDataPacket {
       company_orders_id: 554,
       company_orders_send_date: '2016-07-17 13:07:00',
       express_no: null,
       order_no: 'A16071700363',
       company_orders_status_id: 3,
       deliver_charges: null,
       site_name: '湖东配送站',
       deliver_address: '苏州市工业园区方洲路新街口商业街奥特莱斯地下商城天天有农',
       receiver_name: '陈东',
       deliver_phone: '18361131880',
       deadline_time: '2016-07-17 13:00:00',
       city_name: '苏州',
       fresh: 0,
       goods: [Object] },
     RowDataPacket {
       company_orders_id: 553,
       company_orders_send_date: '2016-07-17 13:04:35',
       express_no: null,
       order_no: 'A16071700362',
       company_orders_status_id: 3,
       deliver_charges: null,
       site_name: '湖东配送站',
       deliver_address: '苏州市工业园区方洲路新街口商业街奥特莱斯地下商城天天有农',
       receiver_name: '陈东',
       deliver_phone: '18361131880',
       deadline_time: '2016-07-17 13:00:00',
       city_name: '苏州',
       fresh: 0,
       goods: [Object] } ],
  counts: 51 }
[2016-12-24 22:39:38.886] [INFO] normal - { company_orders_status_id: 0,
  page: 1,
  size: 10,
  company_id: '16',
  dateStart: '',
  dateEnd: '',
  company_orders_type: 1 }
[2016-12-24 22:39:39.008] [INFO] normal - { result: 
   [ RowDataPacket {
       company_orders_id: 587,
       company_orders_send_date: '2016-07-31 10:27:40',
       express_no: null,
       order_no: 'A16073100361',
       company_orders_status_id: 3,
       deliver_charges: null,
       site_name: '湖东配送站',
       deliver_address: '苏州市工业园区方洲路新街口商业街奥特莱斯地下商城天天有农',
       receiver_name: '陈东',
       deliver_phone: '18361131880',
       deadline_time: '2016-07-31 10:00:00',
       city_name: '苏州',
       fresh: 0,
       goods: [Object] },
     RowDataPacket {
       company_orders_id: 586,
       company_orders_send_date: '2016-07-30 18:13:24',
       express_no: null,
       order_no: 'A16073000364',
       company_orders_status_id: 3,
       deliver_charges: null,
       site_name: '湖东配送站',
       deliver_address: '苏州市工业园区方洲路新街口商业街奥特莱斯地下商城天天有农',
       receiver_name: '陈东',
       deliver_phone: '18361131880',
       deadline_time: '2016-07-30 18:00:00',
       city_name: '苏州',
       fresh: 0,
       goods: [Object] },
     RowDataPacket {
       company_orders_id: 585,
       company_orders_send_date: '2016-07-30 18:11:36',
       express_no: null,
       order_no: 'A16073000363',
       company_orders_status_id: 3,
       deliver_charges: null,
       site_name: '湖东配送站',
       deliver_address: '苏州市工业园区方洲路新街口商业街奥特莱斯地下商城天天有农',
       receiver_name: '陈东',
       deliver_phone: '18361131880',
       deadline_time: '2016-07-30 18:00:00',
       city_name: '苏州',
       fresh: 0,
       goods: [Object] },
     RowDataPacket {
       company_orders_id: 584,
       company_orders_send_date: '2016-07-30 10:41:55',
       express_no: null,
       order_no: 'A16073000362',
       company_orders_status_id: 3,
       deliver_charges: null,
       site_name: '湖东配送站',
       deliver_address: '苏州市工业园区方洲路新街口商业街奥特莱斯地下商城天天有农',
       receiver_name: '陈东',
       deliver_phone: '18361131880',
       deadline_time: '2016-07-30 10:00:00',
       city_name: '苏州',
       fresh: 0,
       goods: [Object] },
     RowDataPacket {
       company_orders_id: 583,
       company_orders_send_date: '2016-07-30 10:41:28',
       express_no: null,
       order_no: 'A16073000361',
       company_orders_status_id: 3,
       deliver_charges: null,
       site_name: '湖东配送站',
       deliver_address: '苏州市工业园区方洲路新街口商业街奥特莱斯地下商城天天有农',
       receiver_name: '陈东',
       deliver_phone: '18361131880',
       deadline_time: '2016-07-30 10:00:00',
       city_name: '苏州',
       fresh: 0,
       goods: [Object] },
     RowDataPacket {
       company_orders_id: 582,
       company_orders_send_date: '2016-07-28 09:54:48',
       express_no: null,
       order_no: 'A16072800361',
       company_orders_status_id: 3,
       deliver_charges: null,
       site_name: '湖东配送站',
       deliver_address: '苏州市工业园区方洲路新街口商业街奥特莱斯地下商城天天有农',
       receiver_name: '陈东',
       deliver_phone: '18361131880',
       deadline_time: '2016-07-28 09:00:00',
       city_name: '苏州',
       fresh: 0,
       goods: [Object] },
     RowDataPacket {
       company_orders_id: 574,
       company_orders_send_date: '2016-07-22 10:09:32',
       express_no: null,
       order_no: 'A16072200361',
       company_orders_status_id: 3,
       deliver_charges: null,
       site_name: '湖东配送站',
       deliver_address: '苏州市工业园区方洲路新街口商业街奥特莱斯地下商城天天有农',
       receiver_name: '陈东',
       deliver_phone: '18361131880',
       deadline_time: '2016-07-22 10:00:00',
       city_name: '苏州',
       fresh: 0,
       goods: [Object] },
     RowDataPacket {
       company_orders_id: 555,
       company_orders_send_date: '2016-07-17 13:08:37',
       express_no: null,
       order_no: 'A16071700364',
       company_orders_status_id: 3,
       deliver_charges: null,
       site_name: '湖东配送站',
       deliver_address: '苏州市工业园区方洲路新街口商业街奥特莱斯地下商城天天有农',
       receiver_name: '陈东',
       deliver_phone: '18361131880',
       deadline_time: '2016-07-17 13:00:00',
       city_name: '苏州',
       fresh: 0,
       goods: [Object] },
     RowDataPacket {
       company_orders_id: 554,
       company_orders_send_date: '2016-07-17 13:07:00',
       express_no: null,
       order_no: 'A16071700363',
       company_orders_status_id: 3,
       deliver_charges: null,
       site_name: '湖东配送站',
       deliver_address: '苏州市工业园区方洲路新街口商业街奥特莱斯地下商城天天有农',
       receiver_name: '陈东',
       deliver_phone: '18361131880',
       deadline_time: '2016-07-17 13:00:00',
       city_name: '苏州',
       fresh: 0,
       goods: [Object] },
     RowDataPacket {
       company_orders_id: 553,
       company_orders_send_date: '2016-07-17 13:04:35',
       express_no: null,
       order_no: 'A16071700362',
       company_orders_status_id: 3,
       deliver_charges: null,
       site_name: '湖东配送站',
       deliver_address: '苏州市工业园区方洲路新街口商业街奥特莱斯地下商城天天有农',
       receiver_name: '陈东',
       deliver_phone: '18361131880',
       deadline_time: '2016-07-17 13:00:00',
       city_name: '苏州',
       fresh: 0,
       goods: [Object] } ],
  counts: 51 }
[2016-12-24 22:42:36.460] [INFO] normal - { company_orders_status_id: 0,
  page: 1,
  size: 10,
  company_id: '16' }
[2016-12-24 22:42:39.076] [INFO] normal - { company_orders_status_id: '',
  page: 1,
  size: 10,
  company_id: '16',
  dateStart: '',
  dateEnd: '',
  company_orders_type: 2 }
[2016-12-24 22:42:40.602] [INFO] normal - [ RowDataPacket {
    company_orders_status_id: 1,
    company_orders_status_name: '待发货' },
  RowDataPacket {
    company_orders_status_id: 2,
    company_orders_status_name: '送货中' },
  RowDataPacket {
    company_orders_status_id: 3,
    company_orders_status_name: '已入库' } ]
[2016-12-24 22:42:41.496] [INFO] normal - { company_orders_status_id: 0,
  page: 1,
  size: 10,
  company_id: '16',
  dateStart: '',
  dateEnd: '',
  company_orders_type: 1 }
[2016-12-24 22:42:41.723] [INFO] normal - { result: 
   [ RowDataPacket {
       company_orders_id: 587,
       company_orders_send_date: '2016-07-31 10:27:40',
       express_no: null,
       order_no: 'A16073100361',
       company_orders_status_id: 3,
       deliver_charges: null,
       site_name: '湖东配送站',
       deliver_address: '苏州市工业园区方洲路新街口商业街奥特莱斯地下商城天天有农',
       receiver_name: '陈东',
       deliver_phone: '18361131880',
       deadline_time: '2016-07-31 10:00:00',
       city_name: '苏州',
       fresh: 0,
       goods: [Object] },
     RowDataPacket {
       company_orders_id: 586,
       company_orders_send_date: '2016-07-30 18:13:24',
       express_no: null,
       order_no: 'A16073000364',
       company_orders_status_id: 3,
       deliver_charges: null,
       site_name: '湖东配送站',
       deliver_address: '苏州市工业园区方洲路新街口商业街奥特莱斯地下商城天天有农',
       receiver_name: '陈东',
       deliver_phone: '18361131880',
       deadline_time: '2016-07-30 18:00:00',
       city_name: '苏州',
       fresh: 0,
       goods: [Object] },
     RowDataPacket {
       company_orders_id: 585,
       company_orders_send_date: '2016-07-30 18:11:36',
       express_no: null,
       order_no: 'A16073000363',
       company_orders_status_id: 3,
       deliver_charges: null,
       site_name: '湖东配送站',
       deliver_address: '苏州市工业园区方洲路新街口商业街奥特莱斯地下商城天天有农',
       receiver_name: '陈东',
       deliver_phone: '18361131880',
       deadline_time: '2016-07-30 18:00:00',
       city_name: '苏州',
       fresh: 0,
       goods: [Object] },
     RowDataPacket {
       company_orders_id: 584,
       company_orders_send_date: '2016-07-30 10:41:55',
       express_no: null,
       order_no: 'A16073000362',
       company_orders_status_id: 3,
       deliver_charges: null,
       site_name: '湖东配送站',
       deliver_address: '苏州市工业园区方洲路新街口商业街奥特莱斯地下商城天天有农',
       receiver_name: '陈东',
       deliver_phone: '18361131880',
       deadline_time: '2016-07-30 10:00:00',
       city_name: '苏州',
       fresh: 0,
       goods: [Object] },
     RowDataPacket {
       company_orders_id: 583,
       company_orders_send_date: '2016-07-30 10:41:28',
       express_no: null,
       order_no: 'A16073000361',
       company_orders_status_id: 3,
       deliver_charges: null,
       site_name: '湖东配送站',
       deliver_address: '苏州市工业园区方洲路新街口商业街奥特莱斯地下商城天天有农',
       receiver_name: '陈东',
       deliver_phone: '18361131880',
       deadline_time: '2016-07-30 10:00:00',
       city_name: '苏州',
       fresh: 0,
       goods: [Object] },
     RowDataPacket {
       company_orders_id: 582,
       company_orders_send_date: '2016-07-28 09:54:48',
       express_no: null,
       order_no: 'A16072800361',
       company_orders_status_id: 3,
       deliver_charges: null,
       site_name: '湖东配送站',
       deliver_address: '苏州市工业园区方洲路新街口商业街奥特莱斯地下商城天天有农',
       receiver_name: '陈东',
       deliver_phone: '18361131880',
       deadline_time: '2016-07-28 09:00:00',
       city_name: '苏州',
       fresh: 0,
       goods: [Object] },
     RowDataPacket {
       company_orders_id: 574,
       company_orders_send_date: '2016-07-22 10:09:32',
       express_no: null,
       order_no: 'A16072200361',
       company_orders_status_id: 3,
       deliver_charges: null,
       site_name: '湖东配送站',
       deliver_address: '苏州市工业园区方洲路新街口商业街奥特莱斯地下商城天天有农',
       receiver_name: '陈东',
       deliver_phone: '18361131880',
       deadline_time: '2016-07-22 10:00:00',
       city_name: '苏州',
       fresh: 0,
       goods: [Object] },
     RowDataPacket {
       company_orders_id: 555,
       company_orders_send_date: '2016-07-17 13:08:37',
       express_no: null,
       order_no: 'A16071700364',
       company_orders_status_id: 3,
       deliver_charges: null,
       site_name: '湖东配送站',
       deliver_address: '苏州市工业园区方洲路新街口商业街奥特莱斯地下商城天天有农',
       receiver_name: '陈东',
       deliver_phone: '18361131880',
       deadline_time: '2016-07-17 13:00:00',
       city_name: '苏州',
       fresh: 0,
       goods: [Object] },
     RowDataPacket {
       company_orders_id: 554,
       company_orders_send_date: '2016-07-17 13:07:00',
       express_no: null,
       order_no: 'A16071700363',
       company_orders_status_id: 3,
       deliver_charges: null,
       site_name: '湖东配送站',
       deliver_address: '苏州市工业园区方洲路新街口商业街奥特莱斯地下商城天天有农',
       receiver_name: '陈东',
       deliver_phone: '18361131880',
       deadline_time: '2016-07-17 13:00:00',
       city_name: '苏州',
       fresh: 0,
       goods: [Object] },
     RowDataPacket {
       company_orders_id: 553,
       company_orders_send_date: '2016-07-17 13:04:35',
       express_no: null,
       order_no: 'A16071700362',
       company_orders_status_id: 3,
       deliver_charges: null,
       site_name: '湖东配送站',
       deliver_address: '苏州市工业园区方洲路新街口商业街奥特莱斯地下商城天天有农',
       receiver_name: '陈东',
       deliver_phone: '18361131880',
       deadline_time: '2016-07-17 13:00:00',
       city_name: '苏州',
       fresh: 0,
       goods: [Object] } ],
  counts: 51 }
[2016-12-24 22:42:43.355] [INFO] normal - { result: 
   [ RowDataPacket {
       company_orders_id: 587,
       company_orders_send_date: '2016-07-31 10:27:40',
       express_no: null,
       order_no: 'A16073100361',
       company_orders_status_id: 3,
       deliver_charges: null,
       site_name: '湖东配送站',
       deliver_address: '苏州市工业园区方洲路新街口商业街奥特莱斯地下商城天天有农',
       receiver_name: '陈东',
       deliver_phone: '18361131880',
       deadline_time: '2016-07-31 10:00:00',
       city_name: '苏州',
       fresh: 0,
       goods: [Object] },
     RowDataPacket {
       company_orders_id: 586,
       company_orders_send_date: '2016-07-30 18:13:24',
       express_no: null,
       order_no: 'A16073000364',
       company_orders_status_id: 3,
       deliver_charges: null,
       site_name: '湖东配送站',
       deliver_address: '苏州市工业园区方洲路新街口商业街奥特莱斯地下商城天天有农',
       receiver_name: '陈东',
       deliver_phone: '18361131880',
       deadline_time: '2016-07-30 18:00:00',
       city_name: '苏州',
       fresh: 0,
       goods: [Object] },
     RowDataPacket {
       company_orders_id: 585,
       company_orders_send_date: '2016-07-30 18:11:36',
       express_no: null,
       order_no: 'A16073000363',
       company_orders_status_id: 3,
       deliver_charges: null,
       site_name: '湖东配送站',
       deliver_address: '苏州市工业园区方洲路新街口商业街奥特莱斯地下商城天天有农',
       receiver_name: '陈东',
       deliver_phone: '18361131880',
       deadline_time: '2016-07-30 18:00:00',
       city_name: '苏州',
       fresh: 0,
       goods: [Object] },
     RowDataPacket {
       company_orders_id: 584,
       company_orders_send_date: '2016-07-30 10:41:55',
       express_no: null,
       order_no: 'A16073000362',
       company_orders_status_id: 3,
       deliver_charges: null,
       site_name: '湖东配送站',
       deliver_address: '苏州市工业园区方洲路新街口商业街奥特莱斯地下商城天天有农',
       receiver_name: '陈东',
       deliver_phone: '18361131880',
       deadline_time: '2016-07-30 10:00:00',
       city_name: '苏州',
       fresh: 0,
       goods: [Object] },
     RowDataPacket {
       company_orders_id: 583,
       company_orders_send_date: '2016-07-30 10:41:28',
       express_no: null,
       order_no: 'A16073000361',
       company_orders_status_id: 3,
       deliver_charges: null,
       site_name: '湖东配送站',
       deliver_address: '苏州市工业园区方洲路新街口商业街奥特莱斯地下商城天天有农',
       receiver_name: '陈东',
       deliver_phone: '18361131880',
       deadline_time: '2016-07-30 10:00:00',
       city_name: '苏州',
       fresh: 0,
       goods: [Object] },
     RowDataPacket {
       company_orders_id: 582,
       company_orders_send_date: '2016-07-28 09:54:48',
       express_no: null,
       order_no: 'A16072800361',
       company_orders_status_id: 3,
       deliver_charges: null,
       site_name: '湖东配送站',
       deliver_address: '苏州市工业园区方洲路新街口商业街奥特莱斯地下商城天天有农',
       receiver_name: '陈东',
       deliver_phone: '18361131880',
       deadline_time: '2016-07-28 09:00:00',
       city_name: '苏州',
       fresh: 0,
       goods: [Object] },
     RowDataPacket {
       company_orders_id: 574,
       company_orders_send_date: '2016-07-22 10:09:32',
       express_no: null,
       order_no: 'A16072200361',
       company_orders_status_id: 3,
       deliver_charges: null,
       site_name: '湖东配送站',
       deliver_address: '苏州市工业园区方洲路新街口商业街奥特莱斯地下商城天天有农',
       receiver_name: '陈东',
       deliver_phone: '18361131880',
       deadline_time: '2016-07-22 10:00:00',
       city_name: '苏州',
       fresh: 0,
       goods: [Object] },
     RowDataPacket {
       company_orders_id: 555,
       company_orders_send_date: '2016-07-17 13:08:37',
       express_no: null,
       order_no: 'A16071700364',
       company_orders_status_id: 3,
       deliver_charges: null,
       site_name: '湖东配送站',
       deliver_address: '苏州市工业园区方洲路新街口商业街奥特莱斯地下商城天天有农',
       receiver_name: '陈东',
       deliver_phone: '18361131880',
       deadline_time: '2016-07-17 13:00:00',
       city_name: '苏州',
       fresh: 0,
       goods: [Object] },
     RowDataPacket {
       company_orders_id: 554,
       company_orders_send_date: '2016-07-17 13:07:00',
       express_no: null,
       order_no: 'A16071700363',
       company_orders_status_id: 3,
       deliver_charges: null,
       site_name: '湖东配送站',
       deliver_address: '苏州市工业园区方洲路新街口商业街奥特莱斯地下商城天天有农',
       receiver_name: '陈东',
       deliver_phone: '18361131880',
       deadline_time: '2016-07-17 13:00:00',
       city_name: '苏州',
       fresh: 0,
       goods: [Object] },
     RowDataPacket {
       company_orders_id: 553,
       company_orders_send_date: '2016-07-17 13:04:35',
       express_no: null,
       order_no: 'A16071700362',
       company_orders_status_id: 3,
       deliver_charges: null,
       site_name: '湖东配送站',
       deliver_address: '苏州市工业园区方洲路新街口商业街奥特莱斯地下商城天天有农',
       receiver_name: '陈东',
       deliver_phone: '18361131880',
       deadline_time: '2016-07-17 13:00:00',
       city_name: '苏州',
       fresh: 0,
       goods: [Object] } ],
  counts: 51 }
[2016-12-24 22:42:43.471] [INFO] normal - { company_orders_status_id: 0,
  page: 1,
  size: 10,
  company_id: '16',
  dateStart: '',
  dateEnd: '',
  company_orders_type: 2 }
[2016-12-24 22:42:43.660] [INFO] normal - { result: 
   [ RowDataPacket {
       company_orders_id: 587,
       company_orders_send_date: '2016-07-31 10:27:40',
       express_no: null,
       order_no: 'A16073100361',
       company_orders_status_id: 3,
       deliver_charges: null,
       site_name: '湖东配送站',
       deliver_address: '苏州市工业园区方洲路新街口商业街奥特莱斯地下商城天天有农',
       receiver_name: '陈东',
       deliver_phone: '18361131880',
       deadline_time: '2016-07-31 10:00:00',
       city_name: '苏州',
       fresh: 0,
       goods: [Object] },
     RowDataPacket {
       company_orders_id: 586,
       company_orders_send_date: '2016-07-30 18:13:24',
       express_no: null,
       order_no: 'A16073000364',
       company_orders_status_id: 3,
       deliver_charges: null,
       site_name: '湖东配送站',
       deliver_address: '苏州市工业园区方洲路新街口商业街奥特莱斯地下商城天天有农',
       receiver_name: '陈东',
       deliver_phone: '18361131880',
       deadline_time: '2016-07-30 18:00:00',
       city_name: '苏州',
       fresh: 0,
       goods: [Object] },
     RowDataPacket {
       company_orders_id: 585,
       company_orders_send_date: '2016-07-30 18:11:36',
       express_no: null,
       order_no: 'A16073000363',
       company_orders_status_id: 3,
       deliver_charges: null,
       site_name: '湖东配送站',
       deliver_address: '苏州市工业园区方洲路新街口商业街奥特莱斯地下商城天天有农',
       receiver_name: '陈东',
       deliver_phone: '18361131880',
       deadline_time: '2016-07-30 18:00:00',
       city_name: '苏州',
       fresh: 0,
       goods: [Object] },
     RowDataPacket {
       company_orders_id: 584,
       company_orders_send_date: '2016-07-30 10:41:55',
       express_no: null,
       order_no: 'A16073000362',
       company_orders_status_id: 3,
       deliver_charges: null,
       site_name: '湖东配送站',
       deliver_address: '苏州市工业园区方洲路新街口商业街奥特莱斯地下商城天天有农',
       receiver_name: '陈东',
       deliver_phone: '18361131880',
       deadline_time: '2016-07-30 10:00:00',
       city_name: '苏州',
       fresh: 0,
       goods: [Object] },
     RowDataPacket {
       company_orders_id: 583,
       company_orders_send_date: '2016-07-30 10:41:28',
       express_no: null,
       order_no: 'A16073000361',
       company_orders_status_id: 3,
       deliver_charges: null,
       site_name: '湖东配送站',
       deliver_address: '苏州市工业园区方洲路新街口商业街奥特莱斯地下商城天天有农',
       receiver_name: '陈东',
       deliver_phone: '18361131880',
       deadline_time: '2016-07-30 10:00:00',
       city_name: '苏州',
       fresh: 0,
       goods: [Object] },
     RowDataPacket {
       company_orders_id: 582,
       company_orders_send_date: '2016-07-28 09:54:48',
       express_no: null,
       order_no: 'A16072800361',
       company_orders_status_id: 3,
       deliver_charges: null,
       site_name: '湖东配送站',
       deliver_address: '苏州市工业园区方洲路新街口商业街奥特莱斯地下商城天天有农',
       receiver_name: '陈东',
       deliver_phone: '18361131880',
       deadline_time: '2016-07-28 09:00:00',
       city_name: '苏州',
       fresh: 0,
       goods: [Object] },
     RowDataPacket {
       company_orders_id: 574,
       company_orders_send_date: '2016-07-22 10:09:32',
       express_no: null,
       order_no: 'A16072200361',
       company_orders_status_id: 3,
       deliver_charges: null,
       site_name: '湖东配送站',
       deliver_address: '苏州市工业园区方洲路新街口商业街奥特莱斯地下商城天天有农',
       receiver_name: '陈东',
       deliver_phone: '18361131880',
       deadline_time: '2016-07-22 10:00:00',
       city_name: '苏州',
       fresh: 0,
       goods: [Object] },
     RowDataPacket {
       company_orders_id: 555,
       company_orders_send_date: '2016-07-17 13:08:37',
       express_no: null,
       order_no: 'A16071700364',
       company_orders_status_id: 3,
       deliver_charges: null,
       site_name: '湖东配送站',
       deliver_address: '苏州市工业园区方洲路新街口商业街奥特莱斯地下商城天天有农',
       receiver_name: '陈东',
       deliver_phone: '18361131880',
       deadline_time: '2016-07-17 13:00:00',
       city_name: '苏州',
       fresh: 0,
       goods: [Object] },
     RowDataPacket {
       company_orders_id: 554,
       company_orders_send_date: '2016-07-17 13:07:00',
       express_no: null,
       order_no: 'A16071700363',
       company_orders_status_id: 3,
       deliver_charges: null,
       site_name: '湖东配送站',
       deliver_address: '苏州市工业园区方洲路新街口商业街奥特莱斯地下商城天天有农',
       receiver_name: '陈东',
       deliver_phone: '18361131880',
       deadline_time: '2016-07-17 13:00:00',
       city_name: '苏州',
       fresh: 0,
       goods: [Object] },
     RowDataPacket {
       company_orders_id: 553,
       company_orders_send_date: '2016-07-17 13:04:35',
       express_no: null,
       order_no: 'A16071700362',
       company_orders_status_id: 3,
       deliver_charges: null,
       site_name: '湖东配送站',
       deliver_address: '苏州市工业园区方洲路新街口商业街奥特莱斯地下商城天天有农',
       receiver_name: '陈东',
       deliver_phone: '18361131880',
       deadline_time: '2016-07-17 13:00:00',
       city_name: '苏州',
       fresh: 0,
       goods: [Object] } ],
  counts: 51 }
[2016-12-24 22:42:44.789] [INFO] normal - { result: 
   [ RowDataPacket {
       company_orders_id: 587,
       company_orders_send_date: '2016-07-31 10:27:40',
       express_no: null,
       order_no: 'A16073100361',
       company_orders_status_id: 3,
       deliver_charges: null,
       site_name: '湖东配送站',
       deliver_address: '苏州市工业园区方洲路新街口商业街奥特莱斯地下商城天天有农',
       receiver_name: '陈东',
       deliver_phone: '18361131880',
       deadline_time: '2016-07-31 10:00:00',
       city_name: '苏州',
       fresh: 0,
       goods: [Object] },
     RowDataPacket {
       company_orders_id: 586,
       company_orders_send_date: '2016-07-30 18:13:24',
       express_no: null,
       order_no: 'A16073000364',
       company_orders_status_id: 3,
       deliver_charges: null,
       site_name: '湖东配送站',
       deliver_address: '苏州市工业园区方洲路新街口商业街奥特莱斯地下商城天天有农',
       receiver_name: '陈东',
       deliver_phone: '18361131880',
       deadline_time: '2016-07-30 18:00:00',
       city_name: '苏州',
       fresh: 0,
       goods: [Object] },
     RowDataPacket {
       company_orders_id: 585,
       company_orders_send_date: '2016-07-30 18:11:36',
       express_no: null,
       order_no: 'A16073000363',
       company_orders_status_id: 3,
       deliver_charges: null,
       site_name: '湖东配送站',
       deliver_address: '苏州市工业园区方洲路新街口商业街奥特莱斯地下商城天天有农',
       receiver_name: '陈东',
       deliver_phone: '18361131880',
       deadline_time: '2016-07-30 18:00:00',
       city_name: '苏州',
       fresh: 0,
       goods: [Object] },
     RowDataPacket {
       company_orders_id: 584,
       company_orders_send_date: '2016-07-30 10:41:55',
       express_no: null,
       order_no: 'A16073000362',
       company_orders_status_id: 3,
       deliver_charges: null,
       site_name: '湖东配送站',
       deliver_address: '苏州市工业园区方洲路新街口商业街奥特莱斯地下商城天天有农',
       receiver_name: '陈东',
       deliver_phone: '18361131880',
       deadline_time: '2016-07-30 10:00:00',
       city_name: '苏州',
       fresh: 0,
       goods: [Object] },
     RowDataPacket {
       company_orders_id: 583,
       company_orders_send_date: '2016-07-30 10:41:28',
       express_no: null,
       order_no: 'A16073000361',
       company_orders_status_id: 3,
       deliver_charges: null,
       site_name: '湖东配送站',
       deliver_address: '苏州市工业园区方洲路新街口商业街奥特莱斯地下商城天天有农',
       receiver_name: '陈东',
       deliver_phone: '18361131880',
       deadline_time: '2016-07-30 10:00:00',
       city_name: '苏州',
       fresh: 0,
       goods: [Object] },
     RowDataPacket {
       company_orders_id: 582,
       company_orders_send_date: '2016-07-28 09:54:48',
       express_no: null,
       order_no: 'A16072800361',
       company_orders_status_id: 3,
       deliver_charges: null,
       site_name: '湖东配送站',
       deliver_address: '苏州市工业园区方洲路新街口商业街奥特莱斯地下商城天天有农',
       receiver_name: '陈东',
       deliver_phone: '18361131880',
       deadline_time: '2016-07-28 09:00:00',
       city_name: '苏州',
       fresh: 0,
       goods: [Object] },
     RowDataPacket {
       company_orders_id: 574,
       company_orders_send_date: '2016-07-22 10:09:32',
       express_no: null,
       order_no: 'A16072200361',
       company_orders_status_id: 3,
       deliver_charges: null,
       site_name: '湖东配送站',
       deliver_address: '苏州市工业园区方洲路新街口商业街奥特莱斯地下商城天天有农',
       receiver_name: '陈东',
       deliver_phone: '18361131880',
       deadline_time: '2016-07-22 10:00:00',
       city_name: '苏州',
       fresh: 0,
       goods: [Object] },
     RowDataPacket {
       company_orders_id: 555,
       company_orders_send_date: '2016-07-17 13:08:37',
       express_no: null,
       order_no: 'A16071700364',
       company_orders_status_id: 3,
       deliver_charges: null,
       site_name: '湖东配送站',
       deliver_address: '苏州市工业园区方洲路新街口商业街奥特莱斯地下商城天天有农',
       receiver_name: '陈东',
       deliver_phone: '18361131880',
       deadline_time: '2016-07-17 13:00:00',
       city_name: '苏州',
       fresh: 0,
       goods: [Object] },
     RowDataPacket {
       company_orders_id: 554,
       company_orders_send_date: '2016-07-17 13:07:00',
       express_no: null,
       order_no: 'A16071700363',
       company_orders_status_id: 3,
       deliver_charges: null,
       site_name: '湖东配送站',
       deliver_address: '苏州市工业园区方洲路新街口商业街奥特莱斯地下商城天天有农',
       receiver_name: '陈东',
       deliver_phone: '18361131880',
       deadline_time: '2016-07-17 13:00:00',
       city_name: '苏州',
       fresh: 0,
       goods: [Object] },
     RowDataPacket {
       company_orders_id: 553,
       company_orders_send_date: '2016-07-17 13:04:35',
       express_no: null,
       order_no: 'A16071700362',
       company_orders_status_id: 3,
       deliver_charges: null,
       site_name: '湖东配送站',
       deliver_address: '苏州市工业园区方洲路新街口商业街奥特莱斯地下商城天天有农',
       receiver_name: '陈东',
       deliver_phone: '18361131880',
       deadline_time: '2016-07-17 13:00:00',
       city_name: '苏州',
       fresh: 0,
       goods: [Object] } ],
  counts: 51 }
[2016-12-24 22:42:46.297] [INFO] normal - { company_orders_status_id: 0,
  page: 1,
  size: 10,
  company_id: '16',
  dateStart: '',
  dateEnd: '',
  company_orders_type: 1 }
[2016-12-24 22:42:46.533] [INFO] normal - { result: 
   [ RowDataPacket {
       company_orders_id: 587,
       company_orders_send_date: '2016-07-31 10:27:40',
       express_no: null,
       order_no: 'A16073100361',
       company_orders_status_id: 3,
       deliver_charges: null,
       site_name: '湖东配送站',
       deliver_address: '苏州市工业园区方洲路新街口商业街奥特莱斯地下商城天天有农',
       receiver_name: '陈东',
       deliver_phone: '18361131880',
       deadline_time: '2016-07-31 10:00:00',
       city_name: '苏州',
       fresh: 0,
       goods: [Object] },
     RowDataPacket {
       company_orders_id: 586,
       company_orders_send_date: '2016-07-30 18:13:24',
       express_no: null,
       order_no: 'A16073000364',
       company_orders_status_id: 3,
       deliver_charges: null,
       site_name: '湖东配送站',
       deliver_address: '苏州市工业园区方洲路新街口商业街奥特莱斯地下商城天天有农',
       receiver_name: '陈东',
       deliver_phone: '18361131880',
       deadline_time: '2016-07-30 18:00:00',
       city_name: '苏州',
       fresh: 0,
       goods: [Object] },
     RowDataPacket {
       company_orders_id: 585,
       company_orders_send_date: '2016-07-30 18:11:36',
       express_no: null,
       order_no: 'A16073000363',
       company_orders_status_id: 3,
       deliver_charges: null,
       site_name: '湖东配送站',
       deliver_address: '苏州市工业园区方洲路新街口商业街奥特莱斯地下商城天天有农',
       receiver_name: '陈东',
       deliver_phone: '18361131880',
       deadline_time: '2016-07-30 18:00:00',
       city_name: '苏州',
       fresh: 0,
       goods: [Object] },
     RowDataPacket {
       company_orders_id: 584,
       company_orders_send_date: '2016-07-30 10:41:55',
       express_no: null,
       order_no: 'A16073000362',
       company_orders_status_id: 3,
       deliver_charges: null,
       site_name: '湖东配送站',
       deliver_address: '苏州市工业园区方洲路新街口商业街奥特莱斯地下商城天天有农',
       receiver_name: '陈东',
       deliver_phone: '18361131880',
       deadline_time: '2016-07-30 10:00:00',
       city_name: '苏州',
       fresh: 0,
       goods: [Object] },
     RowDataPacket {
       company_orders_id: 583,
       company_orders_send_date: '2016-07-30 10:41:28',
       express_no: null,
       order_no: 'A16073000361',
       company_orders_status_id: 3,
       deliver_charges: null,
       site_name: '湖东配送站',
       deliver_address: '苏州市工业园区方洲路新街口商业街奥特莱斯地下商城天天有农',
       receiver_name: '陈东',
       deliver_phone: '18361131880',
       deadline_time: '2016-07-30 10:00:00',
       city_name: '苏州',
       fresh: 0,
       goods: [Object] },
     RowDataPacket {
       company_orders_id: 582,
       company_orders_send_date: '2016-07-28 09:54:48',
       express_no: null,
       order_no: 'A16072800361',
       company_orders_status_id: 3,
       deliver_charges: null,
       site_name: '湖东配送站',
       deliver_address: '苏州市工业园区方洲路新街口商业街奥特莱斯地下商城天天有农',
       receiver_name: '陈东',
       deliver_phone: '18361131880',
       deadline_time: '2016-07-28 09:00:00',
       city_name: '苏州',
       fresh: 0,
       goods: [Object] },
     RowDataPacket {
       company_orders_id: 574,
       company_orders_send_date: '2016-07-22 10:09:32',
       express_no: null,
       order_no: 'A16072200361',
       company_orders_status_id: 3,
       deliver_charges: null,
       site_name: '湖东配送站',
       deliver_address: '苏州市工业园区方洲路新街口商业街奥特莱斯地下商城天天有农',
       receiver_name: '陈东',
       deliver_phone: '18361131880',
       deadline_time: '2016-07-22 10:00:00',
       city_name: '苏州',
       fresh: 0,
       goods: [Object] },
     RowDataPacket {
       company_orders_id: 555,
       company_orders_send_date: '2016-07-17 13:08:37',
       express_no: null,
       order_no: 'A16071700364',
       company_orders_status_id: 3,
       deliver_charges: null,
       site_name: '湖东配送站',
       deliver_address: '苏州市工业园区方洲路新街口商业街奥特莱斯地下商城天天有农',
       receiver_name: '陈东',
       deliver_phone: '18361131880',
       deadline_time: '2016-07-17 13:00:00',
       city_name: '苏州',
       fresh: 0,
       goods: [Object] },
     RowDataPacket {
       company_orders_id: 554,
       company_orders_send_date: '2016-07-17 13:07:00',
       express_no: null,
       order_no: 'A16071700363',
       company_orders_status_id: 3,
       deliver_charges: null,
       site_name: '湖东配送站',
       deliver_address: '苏州市工业园区方洲路新街口商业街奥特莱斯地下商城天天有农',
       receiver_name: '陈东',
       deliver_phone: '18361131880',
       deadline_time: '2016-07-17 13:00:00',
       city_name: '苏州',
       fresh: 0,
       goods: [Object] },
     RowDataPacket {
       company_orders_id: 553,
       company_orders_send_date: '2016-07-17 13:04:35',
       express_no: null,
       order_no: 'A16071700362',
       company_orders_status_id: 3,
       deliver_charges: null,
       site_name: '湖东配送站',
       deliver_address: '苏州市工业园区方洲路新街口商业街奥特莱斯地下商城天天有农',
       receiver_name: '陈东',
       deliver_phone: '18361131880',
       deadline_time: '2016-07-17 13:00:00',
       city_name: '苏州',
       fresh: 0,
       goods: [Object] } ],
  counts: 51 }
[2016-12-24 22:45:55.467] [INFO] normal - { company_orders_status_id: 0,
  page: 1,
  size: 10,
  company_id: '16' }
[2016-12-24 22:45:59.601] [INFO] normal - [ RowDataPacket {
    company_orders_status_id: 1,
    company_orders_status_name: '待发货' },
  RowDataPacket {
    company_orders_status_id: 2,
    company_orders_status_name: '送货中' },
  RowDataPacket {
    company_orders_status_id: 3,
    company_orders_status_name: '已入库' } ]
[2016-12-24 22:46:03.771] [INFO] normal - { result: 
   [ RowDataPacket {
       company_orders_id: 587,
       company_orders_send_date: '2016-07-31 10:27:40',
       express_no: null,
       order_no: 'A16073100361',
       company_orders_status_id: 3,
       deliver_charges: null,
       site_name: '湖东配送站',
       deliver_address: '苏州市工业园区方洲路新街口商业街奥特莱斯地下商城天天有农',
       receiver_name: '陈东',
       deliver_phone: '18361131880',
       deadline_time: '2016-07-31 10:00:00',
       city_name: '苏州',
       fresh: 0,
       goods: [Object] },
     RowDataPacket {
       company_orders_id: 586,
       company_orders_send_date: '2016-07-30 18:13:24',
       express_no: null,
       order_no: 'A16073000364',
       company_orders_status_id: 3,
       deliver_charges: null,
       site_name: '湖东配送站',
       deliver_address: '苏州市工业园区方洲路新街口商业街奥特莱斯地下商城天天有农',
       receiver_name: '陈东',
       deliver_phone: '18361131880',
       deadline_time: '2016-07-30 18:00:00',
       city_name: '苏州',
       fresh: 0,
       goods: [Object] },
     RowDataPacket {
       company_orders_id: 585,
       company_orders_send_date: '2016-07-30 18:11:36',
       express_no: null,
       order_no: 'A16073000363',
       company_orders_status_id: 3,
       deliver_charges: null,
       site_name: '湖东配送站',
       deliver_address: '苏州市工业园区方洲路新街口商业街奥特莱斯地下商城天天有农',
       receiver_name: '陈东',
       deliver_phone: '18361131880',
       deadline_time: '2016-07-30 18:00:00',
       city_name: '苏州',
       fresh: 0,
       goods: [Object] },
     RowDataPacket {
       company_orders_id: 584,
       company_orders_send_date: '2016-07-30 10:41:55',
       express_no: null,
       order_no: 'A16073000362',
       company_orders_status_id: 3,
       deliver_charges: null,
       site_name: '湖东配送站',
       deliver_address: '苏州市工业园区方洲路新街口商业街奥特莱斯地下商城天天有农',
       receiver_name: '陈东',
       deliver_phone: '18361131880',
       deadline_time: '2016-07-30 10:00:00',
       city_name: '苏州',
       fresh: 0,
       goods: [Object] },
     RowDataPacket {
       company_orders_id: 583,
       company_orders_send_date: '2016-07-30 10:41:28',
       express_no: null,
       order_no: 'A16073000361',
       company_orders_status_id: 3,
       deliver_charges: null,
       site_name: '湖东配送站',
       deliver_address: '苏州市工业园区方洲路新街口商业街奥特莱斯地下商城天天有农',
       receiver_name: '陈东',
       deliver_phone: '18361131880',
       deadline_time: '2016-07-30 10:00:00',
       city_name: '苏州',
       fresh: 0,
       goods: [Object] },
     RowDataPacket {
       company_orders_id: 582,
       company_orders_send_date: '2016-07-28 09:54:48',
       express_no: null,
       order_no: 'A16072800361',
       company_orders_status_id: 3,
       deliver_charges: null,
       site_name: '湖东配送站',
       deliver_address: '苏州市工业园区方洲路新街口商业街奥特莱斯地下商城天天有农',
       receiver_name: '陈东',
       deliver_phone: '18361131880',
       deadline_time: '2016-07-28 09:00:00',
       city_name: '苏州',
       fresh: 0,
       goods: [Object] },
     RowDataPacket {
       company_orders_id: 574,
       company_orders_send_date: '2016-07-22 10:09:32',
       express_no: null,
       order_no: 'A16072200361',
       company_orders_status_id: 3,
       deliver_charges: null,
       site_name: '湖东配送站',
       deliver_address: '苏州市工业园区方洲路新街口商业街奥特莱斯地下商城天天有农',
       receiver_name: '陈东',
       deliver_phone: '18361131880',
       deadline_time: '2016-07-22 10:00:00',
       city_name: '苏州',
       fresh: 0,
       goods: [Object] },
     RowDataPacket {
       company_orders_id: 555,
       company_orders_send_date: '2016-07-17 13:08:37',
       express_no: null,
       order_no: 'A16071700364',
       company_orders_status_id: 3,
       deliver_charges: null,
       site_name: '湖东配送站',
       deliver_address: '苏州市工业园区方洲路新街口商业街奥特莱斯地下商城天天有农',
       receiver_name: '陈东',
       deliver_phone: '18361131880',
       deadline_time: '2016-07-17 13:00:00',
       city_name: '苏州',
       fresh: 0,
       goods: [Object] },
     RowDataPacket {
       company_orders_id: 554,
       company_orders_send_date: '2016-07-17 13:07:00',
       express_no: null,
       order_no: 'A16071700363',
       company_orders_status_id: 3,
       deliver_charges: null,
       site_name: '湖东配送站',
       deliver_address: '苏州市工业园区方洲路新街口商业街奥特莱斯地下商城天天有农',
       receiver_name: '陈东',
       deliver_phone: '18361131880',
       deadline_time: '2016-07-17 13:00:00',
       city_name: '苏州',
       fresh: 0,
       goods: [Object] },
     RowDataPacket {
       company_orders_id: 553,
       company_orders_send_date: '2016-07-17 13:04:35',
       express_no: null,
       order_no: 'A16071700362',
       company_orders_status_id: 3,
       deliver_charges: null,
       site_name: '湖东配送站',
       deliver_address: '苏州市工业园区方洲路新街口商业街奥特莱斯地下商城天天有农',
       receiver_name: '陈东',
       deliver_phone: '18361131880',
       deadline_time: '2016-07-17 13:00:00',
       city_name: '苏州',
       fresh: 0,
       goods: [Object] } ],
  counts: 51 }
[2016-12-24 22:46:18.242] [INFO] normal - { company_orders_status_id: 0,
  page: 1,
  size: 10,
  company_id: '16',
  dateStart: '',
  dateEnd: '',
  company_orders_type: 2 }
[2016-12-24 22:46:18.361] [INFO] normal - { result: 
   [ RowDataPacket {
       company_orders_id: 587,
       company_orders_send_date: '2016-07-31 10:27:40',
       express_no: null,
       order_no: 'A16073100361',
       company_orders_status_id: 3,
       deliver_charges: null,
       site_name: '湖东配送站',
       deliver_address: '苏州市工业园区方洲路新街口商业街奥特莱斯地下商城天天有农',
       receiver_name: '陈东',
       deliver_phone: '18361131880',
       deadline_time: '2016-07-31 10:00:00',
       city_name: '苏州',
       fresh: 0,
       goods: [Object] },
     RowDataPacket {
       company_orders_id: 586,
       company_orders_send_date: '2016-07-30 18:13:24',
       express_no: null,
       order_no: 'A16073000364',
       company_orders_status_id: 3,
       deliver_charges: null,
       site_name: '湖东配送站',
       deliver_address: '苏州市工业园区方洲路新街口商业街奥特莱斯地下商城天天有农',
       receiver_name: '陈东',
       deliver_phone: '18361131880',
       deadline_time: '2016-07-30 18:00:00',
       city_name: '苏州',
       fresh: 0,
       goods: [Object] },
     RowDataPacket {
       company_orders_id: 585,
       company_orders_send_date: '2016-07-30 18:11:36',
       express_no: null,
       order_no: 'A16073000363',
       company_orders_status_id: 3,
       deliver_charges: null,
       site_name: '湖东配送站',
       deliver_address: '苏州市工业园区方洲路新街口商业街奥特莱斯地下商城天天有农',
       receiver_name: '陈东',
       deliver_phone: '18361131880',
       deadline_time: '2016-07-30 18:00:00',
       city_name: '苏州',
       fresh: 0,
       goods: [Object] },
     RowDataPacket {
       company_orders_id: 584,
       company_orders_send_date: '2016-07-30 10:41:55',
       express_no: null,
       order_no: 'A16073000362',
       company_orders_status_id: 3,
       deliver_charges: null,
       site_name: '湖东配送站',
       deliver_address: '苏州市工业园区方洲路新街口商业街奥特莱斯地下商城天天有农',
       receiver_name: '陈东',
       deliver_phone: '18361131880',
       deadline_time: '2016-07-30 10:00:00',
       city_name: '苏州',
       fresh: 0,
       goods: [Object] },
     RowDataPacket {
       company_orders_id: 583,
       company_orders_send_date: '2016-07-30 10:41:28',
       express_no: null,
       order_no: 'A16073000361',
       company_orders_status_id: 3,
       deliver_charges: null,
       site_name: '湖东配送站',
       deliver_address: '苏州市工业园区方洲路新街口商业街奥特莱斯地下商城天天有农',
       receiver_name: '陈东',
       deliver_phone: '18361131880',
       deadline_time: '2016-07-30 10:00:00',
       city_name: '苏州',
       fresh: 0,
       goods: [Object] },
     RowDataPacket {
       company_orders_id: 582,
       company_orders_send_date: '2016-07-28 09:54:48',
       express_no: null,
       order_no: 'A16072800361',
       company_orders_status_id: 3,
       deliver_charges: null,
       site_name: '湖东配送站',
       deliver_address: '苏州市工业园区方洲路新街口商业街奥特莱斯地下商城天天有农',
       receiver_name: '陈东',
       deliver_phone: '18361131880',
       deadline_time: '2016-07-28 09:00:00',
       city_name: '苏州',
       fresh: 0,
       goods: [Object] },
     RowDataPacket {
       company_orders_id: 574,
       company_orders_send_date: '2016-07-22 10:09:32',
       express_no: null,
       order_no: 'A16072200361',
       company_orders_status_id: 3,
       deliver_charges: null,
       site_name: '湖东配送站',
       deliver_address: '苏州市工业园区方洲路新街口商业街奥特莱斯地下商城天天有农',
       receiver_name: '陈东',
       deliver_phone: '18361131880',
       deadline_time: '2016-07-22 10:00:00',
       city_name: '苏州',
       fresh: 0,
       goods: [Object] },
     RowDataPacket {
       company_orders_id: 555,
       company_orders_send_date: '2016-07-17 13:08:37',
       express_no: null,
       order_no: 'A16071700364',
       company_orders_status_id: 3,
       deliver_charges: null,
       site_name: '湖东配送站',
       deliver_address: '苏州市工业园区方洲路新街口商业街奥特莱斯地下商城天天有农',
       receiver_name: '陈东',
       deliver_phone: '18361131880',
       deadline_time: '2016-07-17 13:00:00',
       city_name: '苏州',
       fresh: 0,
       goods: [Object] },
     RowDataPacket {
       company_orders_id: 554,
       company_orders_send_date: '2016-07-17 13:07:00',
       express_no: null,
       order_no: 'A16071700363',
       company_orders_status_id: 3,
       deliver_charges: null,
       site_name: '湖东配送站',
       deliver_address: '苏州市工业园区方洲路新街口商业街奥特莱斯地下商城天天有农',
       receiver_name: '陈东',
       deliver_phone: '18361131880',
       deadline_time: '2016-07-17 13:00:00',
       city_name: '苏州',
       fresh: 0,
       goods: [Object] },
     RowDataPacket {
       company_orders_id: 553,
       company_orders_send_date: '2016-07-17 13:04:35',
       express_no: null,
       order_no: 'A16071700362',
       company_orders_status_id: 3,
       deliver_charges: null,
       site_name: '湖东配送站',
       deliver_address: '苏州市工业园区方洲路新街口商业街奥特莱斯地下商城天天有农',
       receiver_name: '陈东',
       deliver_phone: '18361131880',
       deadline_time: '2016-07-17 13:00:00',
       city_name: '苏州',
       fresh: 0,
       goods: [Object] } ],
  counts: 51 }
[2017-06-13 20:26:45.133] [INFO] normal - { company_goods_status_id: 0,
  page: 1,
  size: 10,
  company_id: 'undefined' }
[2017-06-13 20:28:06.038] [INFO] normal - { company_goods_status_id: 0,
  page: 1,
  size: 10,
  company_id: 'undefined' }
[2017-06-13 22:34:18.354] [INFO] normal - { result: 
   [ RowDataPacket {
       index_img: 'https://ss0.bdstatic.com/70cFvHSh_Q1YnxGkpoWK1HF6hhy/it/u=1003846612,691113188&fm=117&gp=0.jpg',
       img_href: 'https://www.baidu.com/',
       master_desc: '军都是百分数卡大爆发数据库的根本数据库的根本数据库风格包快递费就根本快递费改变的健康法改变空间' } ] }
[2017-06-13 22:35:44.997] [INFO] normal - { result: 
   [ RowDataPacket {
       index_img: 'https://ss0.bdstatic.com/70cFvHSh_Q1YnxGkpoWK1HF6hhy/it/u=1003846612,691113188&fm=117&gp=0.jpg',
       img_href: 'https://www.baidu.com/',
       master_desc: '军都是百分数卡大爆发数据库的根本数据库的根本数据库风格包快递费就根本快递费改变的健康法改变空间' } ] }
[2017-06-13 22:36:20.075] [INFO] normal - { result: 
   [ RowDataPacket {
       index_img: 'https://ss0.bdstatic.com/70cFvHSh_Q1YnxGkpoWK1HF6hhy/it/u=1003846612,691113188&fm=117&gp=0.jpg',
       img_href: 'https://www.baidu.com/',
       master_desc: '军都是百分数卡大爆发数据库的根本数据库的根本数据库风格包快递费就根本快递费改变的健康法改变空间' } ] }
[2017-06-13 22:38:31.556] [INFO] normal - { result: 
   [ RowDataPacket {
       index_img: 'https://ss0.bdstatic.com/70cFvHSh_Q1YnxGkpoWK1HF6hhy/it/u=1003846612,691113188&fm=117&gp=0.jpg',
       img_href: 'https://www.baidu.com/',
       master_desc: '军都是百分数卡大爆发数据库的根本数据库的根本数据库风格包快递费就根本快递费改变的健康法改变空间' } ] }
[2017-06-14 20:53:49.729] [INFO] normal - { result: 
   [ RowDataPacket {
       index_img: 'https://ss0.bdstatic.com/70cFvHSh_Q1YnxGkpoWK1HF6hhy/it/u=1003846612,691113188&fm=117&gp=0.jpg',
       img_href: 'https://www.baidu.com/',
       master_desc: '军都是百分数卡大爆发数据库的根本数据库的根本数据库风格包快递费就根本快递费改变的健康法改变空间' } ] }
[2017-06-14 21:00:11.098] [INFO] normal - { result: 
   [ RowDataPacket {
       index_img: 'https://ss0.bdstatic.com/70cFvHSh_Q1YnxGkpoWK1HF6hhy/it/u=1003846612,691113188&fm=117&gp=0.jpg',
       img_href: 'https://www.baidu.com/',
       master_desc: '军都是百分数卡大爆发数据库的根本数据库的根本数据库风格包快递费就根本快递费改变的健康法改变空间' } ] }
[2017-06-14 21:02:23.275] [INFO] normal - { index_img: 'http://orhnya4jo.bkt.clouddn.com/6c8bb48d9235350b45bfe701f64f875c.JPG',
  img_href: 'http://localhost:3008/',
  master_desc: '军段收费德芙似的减法本规定空间反光板打开了菲碧规律的' }
[2017-06-14 21:02:23.484] [INFO] normal - { result: 200 }
[2017-06-14 21:05:11.311] [INFO] normal - { result: 
   [ RowDataPacket {
       index_img: 'http://orhnya4jo.bkt.clouddn.com/6c8bb48d9235350b45bfe701f64f875c.JPG',
       img_href: 'http://localhost:3008/',
       master_desc: '军段收费德芙似的减法本规定空间反光板打开了菲碧规律的' } ] }
[2017-06-14 21:30:54.937] [INFO] normal - { result: 
   [ RowDataPacket {
       index_img: 'http://orhnya4jo.bkt.clouddn.com/6c8bb48d9235350b45bfe701f64f875c.JPG',
       img_href: 'http://localhost:3008/',
       master_desc: '军段收费德芙似的减法本规定空间反光板打开了菲碧规律的' } ] }
[2017-06-14 21:31:03.137] [INFO] normal - { index_img: 'http://orhnya4jo.bkt.clouddn.com/6c8bb48d9235350b45bfe701f64f875c.JPG',
  img_href: 'http://localhost:3008/',
  master_desc: '电风扇的发送到桂丰大厦' }
[2017-06-14 21:31:03.178] [INFO] normal - { result: 200 }
[2017-06-14 21:31:08.592] [INFO] normal - { result: 
   [ RowDataPacket {
       index_img: 'http://orhnya4jo.bkt.clouddn.com/6c8bb48d9235350b45bfe701f64f875c.JPG',
       img_href: 'http://localhost:3008/',
       master_desc: '电风扇的发送到桂丰大厦' } ] }
